#
# A fatal error has been detected by the Java Runtime Environment:
#
#  EXCEPTION_ACCESS_VIOLATION (0xc0000005) at pc=0x000000006c1352db, pid=14560, tid=0x00000000000041d8
#
# JRE version: OpenJDK Runtime Environment (8.0_302-b08) (build 1.8.0_302-b08)
# Java VM: OpenJDK 64-Bit Server VM (25.302-b08 mixed mode windows-amd64 compressed oops)
# Problematic frame:
# V  [jvm.dll+0x1352db]
#
# Failed to write core dump. Minidumps are not enabled by default on client versions of Windows
#
# If you would like to submit a bug report, please visit:
#   https://github.com/adoptium/adoptium-support/issues
#

---------------  T H R E A D  ---------------

Current thread (0x00000294e7b86800):  JavaThread "Thread-20" daemon [_thread_in_vm, id=16856, stack(0x000000f8bf800000,0x000000f8bf900000)]

siginfo: ExceptionCode=0xc0000005, reading address 0x0000000000000000

Registers:
RAX=0x0000000000000000, RBX=0x00000294e7b86800, RCX=0x00000006c121ce08, RDX=0x0000000000000000
RSP=0x000000f8bf8fe800, RBP=0x000000f8bf8fe960, RSI=0x0000000000000000, RDI=0x0000000000000000
R8 =0x00000294e7b86800, R9 =0x0000000000000000, R10=0x00000294c7550000, R11=0x000000f8bf8fe7c0
R12=0x00000294e7b619f0, R13=0x00000294e7b86a50, R14=0x0000000000000006, R15=0x00000294e605de28
RIP=0x000000006c1352db, EFLAGS=0x0000000000010246

Top of Stack: (sp=0x000000f8bf8fe800)
0x000000f8bf8fe800:   000000f8bf8fe960 0000000000000000
0x000000f8bf8fe810:   0000000000000000 0000000000000000
0x000000f8bf8fe820:   00000294e7b86800 0000000000000000
0x000000f8bf8fe830:   00000294e4fbc090 0000000000000030
0x000000f8bf8fe840:   000000f8bf8fe980 0000000000000006
0x000000f8bf8fe850:   00000294e7b86a50 00007ff935401d1d
0x000000f8bf8fe860:   00000294e4fbc090 000000f8bf8fe960
0x000000f8bf8fe870:   0000000000000030 0000000000000000
0x000000f8bf8fe880:   0000029400000000 000000f800000003
0x000000f8bf8fe890:   0000000000000002 0000029400000000
0x000000f8bf8fe8a0:   0000000200000032 0000000000000012
0x000000f8bf8fe8b0:   0000000c0000002a 0000000000000000
0x000000f8bf8fe8c0:   0000029400000016 00000294e5890cd0
0x000000f8bf8fe8d0:   00000294e46a9420 0000000000000005
0x000000f8bf8fe8e0:   0000000000000000 00000294e7b86a50
0x000000f8bf8fe8f0:   4d36e97800000020 0008c1bf11cee325 

Instructions: (pc=0x000000006c1352db)
0x000000006c1352bb:   41 f6 c7 01 74 0a 49 8b cf e8 47 ea 0a 00 eb 03
0x000000006c1352cb:   49 8b 07 48 8b c8 e8 1a 1f f1 ff 4c 8b c3 33 d2
0x000000006c1352db:   4c 8b 08 48 8b c8 41 ff 91 b8 00 00 00 4c 8b f8
0x000000006c1352eb:   48 39 7b 08 75 74 4c 8b 00 48 8b d3 48 8b c8 41 


Register to memory mapping:

RAX=0x0000000000000000 is an unknown value
RBX=0x00000294e7b86800 is a thread
RCX=0x00000006c121ce08 is an oop
java.lang.Object 
 - klass: 'java/lang/Object'
RDX=0x0000000000000000 is an unknown value
RSP=0x000000f8bf8fe800 is pointing into the stack for thread: 0x00000294e7b86800
RBP=0x000000f8bf8fe960 is pointing into the stack for thread: 0x00000294e7b86800
RSI=0x0000000000000000 is an unknown value
RDI=0x0000000000000000 is an unknown value
R8 =0x00000294e7b86800 is a thread
R9 =0x0000000000000000 is an unknown value
R10=0x00000294c7550000 is an unknown value
R11=0x000000f8bf8fe7c0 is pointing into the stack for thread: 0x00000294e7b86800
R12=0x00000294e7b619f0 is an unknown value
R13=0x00000294e7b86a50 is an unknown value
R14=0x0000000000000006 is an unknown value
R15=0x00000294e605de28 is a global jni handle


Stack: [0x000000f8bf800000,0x000000f8bf900000],  sp=0x000000f8bf8fe800,  free space=1018k
Native frames: (J=compiled Java code, j=interpreted, Vv=VM code, C=native code)
V  [jvm.dll+0x1352db]
C  [1682759762526-jSerialComm.dll+0x1d1d]
C  0x00000294c93d5eea

Java frames: (J=compiled Java code, j=interpreted, Vv=VM code)
j  com.fazecast.jSerialComm.SerialPort.getCommPorts()[Lcom/fazecast/jSerialComm/SerialPort;+0
j  com.ghgande.j2mod.modbus.net.SerialConnection.getCommPorts()Ljava/util/Set;+11
j  com.ghgande.j2mod.modbus.net.SerialConnection.open()V+274
j  com.hitwh.chemicalpark.util.ModbusUtil.modbusTH(Lcom/hitwh/chemicalpark/entity/Sensor;)Ljava/util/List;+81
j  com.hitwh.chemicalpark.service.impl.SensorServiceImpl.modbusRead(Lcom/hitwh/chemicalpark/entity/Sensor;)Ljava/util/List;+34
j  com.hitwh.chemicalpark.service.impl.SensorServiceImpl$$FastClassBySpringCGLIB$$59b7601.invoke(ILjava/lang/Object;[Ljava/lang/Object;)Ljava/lang/Object;+254
j  org.springframework.cglib.proxy.MethodProxy.invoke(Ljava/lang/Object;[Ljava/lang/Object;)Ljava/lang/Object;+19
j  org.springframework.aop.framework.CglibAopProxy.invokeMethod(Ljava/lang/Object;Ljava/lang/reflect/Method;[Ljava/lang/Object;Lorg/springframework/cglib/proxy/MethodProxy;)Ljava/lang/Object;+3
j  org.springframework.aop.framework.CglibAopProxy.access$000(Ljava/lang/Object;Ljava/lang/reflect/Method;[Ljava/lang/Object;Lorg/springframework/cglib/proxy/MethodProxy;)Ljava/lang/Object;+4
j  org.springframework.aop.framework.CglibAopProxy$DynamicAdvisedInterceptor.intercept(Ljava/lang/Object;Ljava/lang/reflect/Method;[Ljava/lang/Object;Lorg/springframework/cglib/proxy/MethodProxy;)Ljava/lang/Object;+105
j  com.hitwh.chemicalpark.service.impl.SensorServiceImpl$$EnhancerBySpringCGLIB$$f9e3d99d.modbusRead(Lcom/hitwh/chemicalpark/entity/Sensor;)Ljava/util/List;+36
j  com.hitwh.chemicalpark.controller.SensorController.lambda$startSnap$0()V+51
j  com.hitwh.chemicalpark.controller.SensorController$$Lambda$852.run()V+4
j  java.lang.Thread.run()V+11
v  ~StubRoutines::call_stub

---------------  P R O C E S S  ---------------

Java Threads: ( => current thread )
  0x00000294e7b85000 JavaThread "SpringApplicationShutdownHook" [_thread_in_native, id=17780, stack(0x000000f8c0b00000,0x000000f8c0c00000)]
  0x00000294e7b8c000 JavaThread "SIGINT handler" daemon [_thread_blocked, id=1332, stack(0x000000f8c0900000,0x000000f8c0a00000)]
=>0x00000294e7b86800 JavaThread "Thread-20" daemon [_thread_in_vm, id=16856, stack(0x000000f8bf800000,0x000000f8bf900000)]
  0x00000294e7b8b000 JavaThread "RMI TCP Connection(idle)" daemon [_thread_blocked, id=17800, stack(0x000000f8c2b00000,0x000000f8c2c00000)]
  0x00000294e7b8a800 JavaThread "RMI TCP Connection(idle)" daemon [_thread_blocked, id=180, stack(0x000000f8c2a00000,0x000000f8c2b00000)]
  0x00000294e7b87000 JavaThread "HikariPool-1 housekeeper" daemon [_thread_blocked, id=3076, stack(0x000000f8c1400000,0x000000f8c1500000)]
  0x00000294e7b89800 JavaThread "DestroyJavaVM" [_thread_blocked, id=11688, stack(0x000000f8bfb00000,0x000000f8bfc00000)]
  0x00000294e7b89000 JavaThread "http-nio-9090-Acceptor" daemon [_thread_in_native, id=5564, stack(0x000000f8c2800000,0x000000f8c2900000)]
  0x00000294e7b88000 JavaThread "http-nio-9090-Poller" daemon [_thread_in_native, id=7212, stack(0x000000f8c2700000,0x000000f8c2800000)]
  0x00000294e7b85800 JavaThread "http-nio-9090-exec-10" daemon [_thread_blocked, id=11808, stack(0x000000f8c2600000,0x000000f8c2700000)]
  0x00000294e7b57000 JavaThread "http-nio-9090-exec-9" daemon [_thread_blocked, id=9168, stack(0x000000f8c2500000,0x000000f8c2600000)]
  0x00000294e7b51800 JavaThread "http-nio-9090-exec-8" daemon [_thread_blocked, id=3356, stack(0x000000f8c2400000,0x000000f8c2500000)]
  0x00000294e7b52800 JavaThread "http-nio-9090-exec-7" daemon [_thread_blocked, id=5268, stack(0x000000f8c2300000,0x000000f8c2400000)]
  0x00000294e7b55800 JavaThread "http-nio-9090-exec-6" daemon [_thread_blocked, id=7184, stack(0x000000f8c2200000,0x000000f8c2300000)]
  0x00000294e7b55000 JavaThread "http-nio-9090-exec-5" daemon [_thread_blocked, id=3384, stack(0x000000f8c2100000,0x000000f8c2200000)]
  0x00000294e7b53800 JavaThread "http-nio-9090-exec-4" daemon [_thread_blocked, id=20064, stack(0x000000f8c2000000,0x000000f8c2100000)]
  0x00000294e7b51000 JavaThread "http-nio-9090-exec-3" daemon [_thread_blocked, id=20232, stack(0x000000f8c1f00000,0x000000f8c2000000)]
  0x00000294e7b56800 JavaThread "http-nio-9090-exec-2" daemon [_thread_blocked, id=1156, stack(0x000000f8c1e00000,0x000000f8c1f00000)]
  0x00000294e7b58000 JavaThread "http-nio-9090-exec-1" daemon [_thread_blocked, id=19412, stack(0x000000f8c1d00000,0x000000f8c1e00000)]
  0x00000294e7b54000 JavaThread "Live Reload Server" daemon [_thread_in_native, id=6208, stack(0x000000f8c1c00000,0x000000f8c1d00000)]
  0x00000294e7b48000 JavaThread "File Watcher" daemon [_thread_blocked, id=10204, stack(0x000000f8c1b00000,0x000000f8c1c00000)]
  0x00000294e770f000 JavaThread "mysql-cj-abandoned-connection-cleanup" daemon [_thread_blocked, id=16460, stack(0x000000f8c1a00000,0x000000f8c1b00000)]
  0x00000294e7657800 JavaThread "container-0" [_thread_blocked, id=8528, stack(0x000000f8c1900000,0x000000f8c1a00000)]
  0x00000294e7656800 JavaThread "Catalina-utility-2" [_thread_blocked, id=18888, stack(0x000000f8c1800000,0x000000f8c1900000)]
  0x00000294e764d000 JavaThread "Catalina-utility-1" [_thread_blocked, id=6524, stack(0x000000f8c1500000,0x000000f8c1600000)]
  0x00000294e590a800 JavaThread "RMI Scheduler(0)" daemon [_thread_blocked, id=17876, stack(0x000000f8c1700000,0x000000f8c1800000)]
  0x00000294e582c800 JavaThread "RMI TCP Connection(idle)" daemon [_thread_blocked, id=4788, stack(0x000000f8c1600000,0x000000f8c1700000)]
  0x00000294e5074000 JavaThread "RMI TCP Accept-0" daemon [_thread_in_native, id=9544, stack(0x000000f8c1100000,0x000000f8c1200000)]
  0x00000294e4dd0000 JavaThread "Service Thread" daemon [_thread_blocked, id=15768, stack(0x000000f8c1000000,0x000000f8c1100000)]
  0x00000294e4d39000 JavaThread "C1 CompilerThread3" daemon [_thread_blocked, id=5336, stack(0x000000f8c0f00000,0x000000f8c1000000)]
  0x00000294e4d42000 JavaThread "C2 CompilerThread2" daemon [_thread_blocked, id=15872, stack(0x000000f8c0e00000,0x000000f8c0f00000)]
  0x00000294e4d41000 JavaThread "C2 CompilerThread1" daemon [_thread_blocked, id=9944, stack(0x000000f8c0d00000,0x000000f8c0e00000)]
  0x00000294e4d3e800 JavaThread "C2 CompilerThread0" daemon [_thread_blocked, id=17452, stack(0x000000f8c0c00000,0x000000f8c0d00000)]
  0x00000294e450c000 JavaThread "JDWP Event Helper Thread" daemon [_thread_blocked, id=2524, stack(0x000000f8c0a00000,0x000000f8c0b00000)]
  0x00000294e28cd800 JavaThread "Attach Listener" daemon [_thread_blocked, id=8144, stack(0x000000f8c0800000,0x000000f8c0900000)]
  0x00000294e28cd000 JavaThread "Signal Dispatcher" daemon [_thread_blocked, id=11444, stack(0x000000f8c0700000,0x000000f8c0800000)]
  0x00000294e2896800 JavaThread "Finalizer" daemon [_thread_blocked, id=19116, stack(0x000000f8c0600000,0x000000f8c0700000)]
  0x00000294e288f800 JavaThread "Reference Handler" daemon [_thread_blocked, id=13788, stack(0x000000f8c0500000,0x000000f8c0600000)]

Other Threads:
  0x00000294e285e000 VMThread [stack: 0x000000f8c0400000,0x000000f8c0500000] [id=17620]
  0x00000294e5083800 WatcherThread [stack: 0x000000f8c1200000,0x000000f8c1300000] [id=19808]

VM state:not at safepoint (normal execution)

VM Mutex/Monitor currently owned by a thread: None

heap address: 0x00000006c1200000, size: 4078 MB, Compressed Oops mode: Zero based, Oop shift amount: 3
Narrow klass base: 0x0000000000000000, Narrow klass shift: 3
Compressed class space size: 1073741824 Address: 0x00000007c0000000

Heap:
 PSYoungGen      total 280064K, used 16726K [0x000000076b100000, 0x000000077da80000, 0x00000007c0000000)
  eden space 265728K, 1% used [0x000000076b100000,0x000000076b3cfb68,0x000000077b480000)
  from space 14336K, 96% used [0x000000077c000000,0x000000077cd85fd8,0x000000077ce00000)
  to   space 12800K, 0% used [0x000000077ce00000,0x000000077ce00000,0x000000077da80000)
 ParOldGen       total 151040K, used 21551K [0x00000006c1200000, 0x00000006ca580000, 0x000000076b100000)
  object space 151040K, 14% used [0x00000006c1200000,0x00000006c270be88,0x00000006ca580000)
 Metaspace       used 51292K, capacity 54328K, committed 54448K, reserved 1095680K
  class space    used 7951K, capacity 8567K, committed 8624K, reserved 1048576K

Card table byte_map: [0x00000294d8770000,0x00000294d8f70000] byte_map_base: 0x00000294d5167000

Marking Bits: (ParMarkBitMap*) 0x000000006c7ec820
 Begin Bits: [0x00000294d94c0000, 0x00000294dd478000)
 End Bits:   [0x00000294dd478000, 0x00000294e1430000)

Polling page: 0x00000294c7810000

CodeCache: size=245760Kb used=12946Kb max_used=12946Kb free=232814Kb
 bounds [0x00000294c93b0000, 0x00000294ca060000, 0x00000294d83b0000]
 total_blobs=7087 nmethods=6547 adapters=458
 compilation: enabled

Compilation events (10 events):
Event: 90.500 Thread 0x00000294e4d39000 6661       1       java.math.BigDecimal::divide (203 bytes)
Event: 90.501 Thread 0x00000294e4d39000 nmethod 6661 0x00000294ca055a50 code [0x00000294ca055c80, 0x00000294ca0561c0]
Event: 90.501 Thread 0x00000294e4d39000 6662       1       java.math.BigDecimal::checkScale (58 bytes)
Event: 90.501 Thread 0x00000294e4d39000 nmethod 6662 0x00000294ca056790 code [0x00000294ca056900, 0x00000294ca056b10]
Event: 90.501 Thread 0x00000294e4d39000 6663       1       java.math.BigDecimal::longMultiplyPowerTen (69 bytes)
Event: 90.501 Thread 0x00000294e4d39000 nmethod 6663 0x00000294ca056c10 code [0x00000294ca056d80, 0x00000294ca056f98]
Event: 90.501 Thread 0x00000294e4d39000 6664       1       java.math.BigDecimal::divideAndRound (132 bytes)
Event: 90.501 Thread 0x00000294e4d39000 nmethod 6664 0x00000294ca057090 code [0x00000294ca057220, 0x00000294ca057550]
Event: 90.501 Thread 0x00000294e4d39000 6665       1       java.math.BigDecimal::compareTo (115 bytes)
Event: 90.501 Thread 0x00000294e4d39000 nmethod 6665 0x00000294ca057750 code [0x00000294ca0578c0, 0x00000294ca057bf0]

GC Heap History (10 events):
Event: 4.907 GC heap before
{Heap before GC invocations=9 (full 2):
 PSYoungGen      total 179200K, used 166400K [0x000000076b100000, 0x0000000779080000, 0x00000007c0000000)
  eden space 166400K, 100% used [0x000000076b100000,0x0000000775380000,0x0000000775380000)
  from space 12800K, 0% used [0x0000000776080000,0x0000000776080000,0x0000000776d00000)
  to   space 13312K, 0% used [0x0000000775380000,0x0000000775380000,0x0000000776080000)
 ParOldGen       total 151040K, used 15276K [0x00000006c1200000, 0x00000006ca580000, 0x000000076b100000)
  object space 151040K, 10% used [0x00000006c1200000,0x00000006c20eb040,0x00000006ca580000)
 Metaspace       used 38750K, capacity 40965K, committed 41136K, reserved 1083392K
  class space    used 6290K, capacity 6726K, committed 6832K, reserved 1048576K
Event: 4.911 GC heap after
Heap after GC invocations=9 (full 2):
 PSYoungGen      total 179712K, used 4502K [0x000000076b100000, 0x000000077b700000, 0x00000007c0000000)
  eden space 166400K, 0% used [0x000000076b100000,0x000000076b100000,0x0000000775380000)
  from space 13312K, 33% used [0x0000000775380000,0x00000007757e5bd0,0x0000000776080000)
  to   space 13824K, 0% used [0x000000077a980000,0x000000077a980000,0x000000077b700000)
 ParOldGen       total 151040K, used 15284K [0x00000006c1200000, 0x00000006ca580000, 0x000000076b100000)
  object space 151040K, 10% used [0x00000006c1200000,0x00000006c20ed040,0x00000006ca580000)
 Metaspace       used 38750K, capacity 40965K, committed 41136K, reserved 1083392K
  class space    used 6290K, capacity 6726K, committed 6832K, reserved 1048576K
}
Event: 6.686 GC heap before
{Heap before GC invocations=10 (full 2):
 PSYoungGen      total 179712K, used 170902K [0x000000076b100000, 0x000000077b700000, 0x00000007c0000000)
  eden space 166400K, 100% used [0x000000076b100000,0x0000000775380000,0x0000000775380000)
  from space 13312K, 33% used [0x0000000775380000,0x00000007757e5bd0,0x0000000776080000)
  to   space 13824K, 0% used [0x000000077a980000,0x000000077a980000,0x000000077b700000)
 ParOldGen       total 151040K, used 15284K [0x00000006c1200000, 0x00000006ca580000, 0x000000076b100000)
  object space 151040K, 10% used [0x00000006c1200000,0x00000006c20ed040,0x00000006ca580000)
 Metaspace       used 50391K, capacity 53190K, committed 53296K, reserved 1093632K
  class space    used 7863K, capacity 8404K, committed 8496K, reserved 1048576K
Event: 6.697 GC heap after
Heap after GC invocations=10 (full 2):
 PSYoungGen      total 248320K, used 13805K [0x000000076b100000, 0x000000077ba00000, 0x00000007c0000000)
  eden space 234496K, 0% used [0x000000076b100000,0x000000076b100000,0x0000000779600000)
  from space 13824K, 99% used [0x000000077a980000,0x000000077b6fb720,0x000000077b700000)
  to   space 18432K, 0% used [0x0000000779600000,0x0000000779600000,0x000000077a800000)
 ParOldGen       total 151040K, used 21519K [0x00000006c1200000, 0x00000006ca580000, 0x000000076b100000)
  object space 151040K, 14% used [0x00000006c1200000,0x00000006c2703e88,0x00000006ca580000)
 Metaspace       used 50391K, capacity 53190K, committed 53296K, reserved 1093632K
  class space    used 7863K, capacity 8404K, committed 8496K, reserved 1048576K
}
Event: 33.199 GC heap before
{Heap before GC invocations=11 (full 2):
 PSYoungGen      total 248320K, used 248301K [0x000000076b100000, 0x000000077ba00000, 0x00000007c0000000)
  eden space 234496K, 100% used [0x000000076b100000,0x0000000779600000,0x0000000779600000)
  from space 13824K, 99% used [0x000000077a980000,0x000000077b6fb720,0x000000077b700000)
  to   space 18432K, 0% used [0x0000000779600000,0x0000000779600000,0x000000077a800000)
 ParOldGen       total 151040K, used 21519K [0x00000006c1200000, 0x00000006ca580000, 0x000000076b100000)
  object space 151040K, 14% used [0x00000006c1200000,0x00000006c2703e88,0x00000006ca580000)
 Metaspace       used 50698K, capacity 53708K, committed 53808K, reserved 1095680K
  class space    used 7898K, capacity 8459K, committed 8496K, reserved 1048576K
Event: 33.205 GC heap after
Heap after GC invocations=11 (full 2):
 PSYoungGen      total 252928K, used 12316K [0x000000076b100000, 0x000000077e900000, 0x00000007c0000000)
  eden space 234496K, 0% used [0x000000076b100000,0x000000076b100000,0x0000000779600000)
  from space 18432K, 66% used [0x0000000779600000,0x000000077a207010,0x000000077a800000)
  to   space 18432K, 0% used [0x000000077d700000,0x000000077d700000,0x000000077e900000)
 ParOldGen       total 151040K, used 21535K [0x00000006c1200000, 0x00000006ca580000, 0x000000076b100000)
  object space 151040K, 14% used [0x00000006c1200000,0x00000006c2707e88,0x00000006ca580000)
 Metaspace       used 50698K, capacity 53708K, committed 53808K, reserved 1095680K
  class space    used 7898K, capacity 8459K, committed 8496K, reserved 1048576K
}
Event: 59.973 GC heap before
{Heap before GC invocations=12 (full 2):
 PSYoungGen      total 252928K, used 246812K [0x000000076b100000, 0x000000077e900000, 0x00000007c0000000)
  eden space 234496K, 100% used [0x000000076b100000,0x0000000779600000,0x0000000779600000)
  from space 18432K, 66% used [0x0000000779600000,0x000000077a207010,0x000000077a800000)
  to   space 18432K, 0% used [0x000000077d700000,0x000000077d700000,0x000000077e900000)
 ParOldGen       total 151040K, used 21535K [0x00000006c1200000, 0x00000006ca580000, 0x000000076b100000)
  object space 151040K, 14% used [0x00000006c1200000,0x00000006c2707e88,0x00000006ca580000)
 Metaspace       used 50783K, capacity 53772K, committed 54064K, reserved 1095680K
  class space    used 7898K, capacity 8459K, committed 8496K, reserved 1048576K
Event: 59.979 GC heap after
Heap after GC invocations=12 (full 2):
 PSYoungGen      total 287744K, used 12908K [0x000000076b100000, 0x000000077e400000, 0x00000007c0000000)
  eden space 274432K, 0% used [0x000000076b100000,0x000000076b100000,0x000000077bd00000)
  from space 13312K, 96% used [0x000000077d700000,0x000000077e39b000,0x000000077e400000)
  to   space 18432K, 0% used [0x000000077c000000,0x000000077c000000,0x000000077d200000)
 ParOldGen       total 151040K, used 21543K [0x00000006c1200000, 0x00000006ca580000, 0x000000076b100000)
  object space 151040K, 14% used [0x00000006c1200000,0x00000006c2709e88,0x00000006ca580000)
 Metaspace       used 50783K, capacity 53772K, committed 54064K, reserved 1095680K
  class space    used 7898K, capacity 8459K, committed 8496K, reserved 1048576K
}
Event: 90.372 GC heap before
{Heap before GC invocations=13 (full 2):
 PSYoungGen      total 287744K, used 287340K [0x000000076b100000, 0x000000077e400000, 0x00000007c0000000)
  eden space 274432K, 100% used [0x000000076b100000,0x000000077bd00000,0x000000077bd00000)
  from space 13312K, 96% used [0x000000077d700000,0x000000077e39b000,0x000000077e400000)
  to   space 18432K, 0% used [0x000000077c000000,0x000000077c000000,0x000000077d200000)
 ParOldGen       total 151040K, used 21543K [0x00000006c1200000, 0x00000006ca580000, 0x000000076b100000)
  object space 151040K, 14% used [0x00000006c1200000,0x00000006c2709e88,0x00000006ca580000)
 Metaspace       used 51276K, capacity 54304K, committed 54448K, reserved 1095680K
  class space    used 7947K, capacity 8563K, committed 8624K, reserved 1048576K
Event: 90.380 GC heap after
Heap after GC invocations=13 (full 2):
 PSYoungGen      total 280064K, used 13847K [0x000000076b100000, 0x000000077da80000, 0x00000007c0000000)
  eden space 265728K, 0% used [0x000000076b100000,0x000000076b100000,0x000000077b480000)
  from space 14336K, 96% used [0x000000077c000000,0x000000077cd85fd8,0x000000077ce00000)
  to   space 12800K, 0% used [0x000000077ce00000,0x000000077ce00000,0x000000077da80000)
 ParOldGen       total 151040K, used 21551K [0x00000006c1200000, 0x00000006ca580000, 0x000000076b100000)
  object space 151040K, 14% used [0x00000006c1200000,0x00000006c270be88,0x00000006ca580000)
 Metaspace       used 51276K, capacity 54304K, committed 54448K, reserved 1095680K
  class space    used 7947K, capacity 8563K, committed 8624K, reserved 1048576K
}

Deoptimization events (0 events):
No events

Classes redefined (0 events):
No events

Internal exceptions (10 events):
Event: 89.732 Thread 0x00000294e7b58000 Exception <a 'java/lang/ArrayIndexOutOfBoundsException'> (0x0000000776d18c08) thrown at [J:\jenkins\tmp\workspace\build\src\hotspot\src\share\vm\runtime\sharedRuntime.cpp, line 609]
Event: 89.732 Thread 0x00000294e7b58000 Exception <a 'java/lang/ArrayIndexOutOfBoundsException'> (0x0000000776d1a1d8) thrown at [J:\jenkins\tmp\workspace\build\src\hotspot\src\share\vm\runtime\sharedRuntime.cpp, line 609]
Event: 90.326 Thread 0x00000294e7b51000 Exception <a 'java/lang/ArrayIndexOutOfBoundsException'> (0x0000000777750388) thrown at [J:\jenkins\tmp\workspace\build\src\hotspot\src\share\vm\runtime\sharedRuntime.cpp, line 609]
Event: 90.326 Thread 0x00000294e7b51000 Exception <a 'java/lang/ArrayIndexOutOfBoundsException'> (0x0000000777751958) thrown at [J:\jenkins\tmp\workspace\build\src\hotspot\src\share\vm\runtime\sharedRuntime.cpp, line 609]
Event: 90.327 Thread 0x00000294e7b51000 Exception <a 'java/lang/ArrayIndexOutOfBoundsException'> (0x000000077775c430) thrown at [J:\jenkins\tmp\workspace\build\src\hotspot\src\share\vm\runtime\sharedRuntime.cpp, line 609]
Event: 90.327 Thread 0x00000294e7b51000 Exception <a 'java/lang/ArrayIndexOutOfBoundsException'> (0x000000077775da00) thrown at [J:\jenkins\tmp\workspace\build\src\hotspot\src\share\vm\runtime\sharedRuntime.cpp, line 609]
Event: 90.494 Thread 0x00000294e7b56800 Exception <a 'java/lang/ArrayIndexOutOfBoundsException'> (0x000000076b2e1fe0) thrown at [J:\jenkins\tmp\workspace\build\src\hotspot\src\share\vm\runtime\sharedRuntime.cpp, line 609]
Event: 90.494 Thread 0x00000294e7b56800 Exception <a 'java/lang/ArrayIndexOutOfBoundsException'> (0x000000076b2e35b0) thrown at [J:\jenkins\tmp\workspace\build\src\hotspot\src\share\vm\runtime\sharedRuntime.cpp, line 609]
Event: 90.495 Thread 0x00000294e7b56800 Exception <a 'java/lang/ArrayIndexOutOfBoundsException'> (0x000000076b2ee0a0) thrown at [J:\jenkins\tmp\workspace\build\src\hotspot\src\share\vm\runtime\sharedRuntime.cpp, line 609]
Event: 90.495 Thread 0x00000294e7b56800 Exception <a 'java/lang/ArrayIndexOutOfBoundsException'> (0x000000076b2ef670) thrown at [J:\jenkins\tmp\workspace\build\src\hotspot\src\share\vm\runtime\sharedRuntime.cpp, line 609]

Events (10 events):
Event: 90.494 Thread 0x00000294e7b56800 DEOPT PACKING pc=0x00000294c94e17f8 sp=0x000000f8c1efbc90
Event: 90.494 Thread 0x00000294e7b56800 DEOPT UNPACKING pc=0x00000294c93f75d8 sp=0x000000f8c1efb9b0 mode 1
Event: 90.495 Thread 0x00000294e7b56800 DEOPT PACKING pc=0x00000294c94e17f8 sp=0x000000f8c1efbc70
Event: 90.495 Thread 0x00000294e7b56800 DEOPT UNPACKING pc=0x00000294c93f75d8 sp=0x000000f8c1efb990 mode 1
Event: 90.495 Thread 0x00000294e7b56800 DEOPT PACKING pc=0x00000294c94e17f8 sp=0x000000f8c1efbc70
Event: 90.495 Thread 0x00000294e7b56800 DEOPT UNPACKING pc=0x00000294c93f75d8 sp=0x000000f8c1efb990 mode 1
Event: 90.495 Thread 0x00000294e7b56800 DEOPT PACKING pc=0x00000294c9f355b4 sp=0x000000f8c1efc3e0
Event: 90.495 Thread 0x00000294e7b56800 DEOPT UNPACKING pc=0x00000294c93f75d8 sp=0x000000f8c1efc178 mode 1
Event: 90.495 Thread 0x00000294e7b56800 DEOPT PACKING pc=0x00000294c9f355b4 sp=0x000000f8c1efc3e0
Event: 90.495 Thread 0x00000294e7b56800 DEOPT UNPACKING pc=0x00000294c93f75d8 sp=0x000000f8c1efc178 mode 1


Dynamic libraries:
0x00007ff7f11d0000 - 0x00007ff7f120a000 	C:\Program Files\Java\jdk8u302-b08\bin\java.exe
0x00007ff96cf40000 - 0x00007ff96d149000 	C:\WINDOWS\SYSTEM32\ntdll.dll
0x00007ff96b590000 - 0x00007ff96b64d000 	C:\WINDOWS\System32\KERNEL32.DLL
0x00007ff96a220000 - 0x00007ff96a594000 	C:\WINDOWS\System32\KERNELBASE.dll
0x00007ff96b4c0000 - 0x00007ff96b56e000 	C:\WINDOWS\System32\ADVAPI32.dll
0x00007ff96ca80000 - 0x00007ff96cb23000 	C:\WINDOWS\System32\msvcrt.dll
0x00007ff96ce60000 - 0x00007ff96cefe000 	C:\WINDOWS\System32\sechost.dll
0x00007ff96b650000 - 0x00007ff96b770000 	C:\WINDOWS\System32\RPCRT4.dll
0x00007ff96cc40000 - 0x00007ff96cdec000 	C:\WINDOWS\System32\USER32.dll
0x00007ff96a1f0000 - 0x00007ff96a216000 	C:\WINDOWS\System32\win32u.dll
0x00007ff96c1a0000 - 0x00007ff96c1c9000 	C:\WINDOWS\System32\GDI32.dll
0x00007ff96a5d0000 - 0x00007ff96a6e2000 	C:\WINDOWS\System32\gdi32full.dll
0x00007ff96a890000 - 0x00007ff96a92d000 	C:\WINDOWS\System32\msvcp_win.dll
0x00007ff96a930000 - 0x00007ff96aa41000 	C:\WINDOWS\System32\ucrtbase.dll
0x00007ff9542d0000 - 0x00007ff954575000 	C:\WINDOWS\WinSxS\amd64_microsoft.windows.common-controls_6595b64144ccf1df_6.0.22000.120_none_9d947278b86cc467\COMCTL32.dll
0x00007ff96b3a0000 - 0x00007ff96b3d1000 	C:\WINDOWS\System32\IMM32.DLL
0x00007ff951f70000 - 0x00007ff95205f000 	C:\Program Files\Java\jdk8u302-b08\jre\bin\msvcr120.dll
0x00007ff951ec0000 - 0x00007ff951f66000 	C:\Program Files\Java\jdk8u302-b08\jre\bin\msvcp120.dll
0x000000006c000000 - 0x000000006c86b000 	C:\Program Files\Java\jdk8u302-b08\jre\bin\server\jvm.dll
0x00007ff96b770000 - 0x00007ff96b778000 	C:\WINDOWS\System32\PSAPI.DLL
0x00007ff965950000 - 0x00007ff965959000 	C:\WINDOWS\SYSTEM32\WSOCK32.dll
0x00007ff961370000 - 0x00007ff96137a000 	C:\WINDOWS\SYSTEM32\VERSION.dll
0x00007ff961ff0000 - 0x00007ff962023000 	C:\WINDOWS\SYSTEM32\WINMM.dll
0x00007ff96cdf0000 - 0x00007ff96ce5f000 	C:\WINDOWS\System32\WS2_32.dll
0x00007ff965060000 - 0x00007ff96506f000 	C:\Program Files\Java\jdk8u302-b08\jre\bin\verify.dll
0x00007ff965030000 - 0x00007ff965059000 	C:\Program Files\Java\jdk8u302-b08\jre\bin\java.dll
0x00007ff9500a0000 - 0x00007ff9500d5000 	C:\Program Files\Java\jdk8u302-b08\jre\bin\jdwp.dll
0x00007ff964ff0000 - 0x00007ff964ff8000 	C:\Program Files\Java\jdk8u302-b08\jre\bin\npt.dll
0x00007ff9354c0000 - 0x00007ff9354ea000 	C:\Program Files\Java\jdk8u302-b08\jre\bin\instrument.dll
0x00007ff965010000 - 0x00007ff965026000 	C:\Program Files\Java\jdk8u302-b08\jre\bin\zip.dll
0x00007ff96b820000 - 0x00007ff96bfce000 	C:\WINDOWS\System32\SHELL32.dll
0x00007ff9681d0000 - 0x00007ff968a38000 	C:\WINDOWS\SYSTEM32\windows.storage.dll
0x00007ff96afc0000 - 0x00007ff96b338000 	C:\WINDOWS\System32\combase.dll
0x00007ff968060000 - 0x00007ff9681c6000 	C:\WINDOWS\SYSTEM32\wintypes.dll
0x00007ff96acd0000 - 0x00007ff96adba000 	C:\WINDOWS\System32\SHCORE.dll
0x00007ff96c2f0000 - 0x00007ff96c34d000 	C:\WINDOWS\System32\shlwapi.dll
0x00007ff969f10000 - 0x00007ff969f31000 	C:\WINDOWS\SYSTEM32\profapi.dll
0x00007ff950090000 - 0x00007ff950099000 	C:\Program Files\Java\jdk8u302-b08\jre\bin\dt_socket.dll
0x00007ff930fd0000 - 0x00007ff931087000 	C:\WINDOWS\Heybox\heyboxlsp_x64.dll
0x00007ff969600000 - 0x00007ff969667000 	C:\WINDOWS\system32\mswsock.dll
0x00007ff953d60000 - 0x00007ff953d7a000 	C:\Program Files\Java\jdk8u302-b08\jre\bin\net.dll
0x00007ff968d50000 - 0x00007ff968e37000 	C:\WINDOWS\SYSTEM32\DNSAPI.dll
0x00007ff968d20000 - 0x00007ff968d4d000 	C:\WINDOWS\SYSTEM32\IPHLPAPI.DLL
0x00007ff96cb40000 - 0x00007ff96cb49000 	C:\WINDOWS\System32\NSI.dll
0x00007ff956560000 - 0x00007ff95656a000 	C:\Windows\System32\rasadhlp.dll
0x00007ff95c9f0000 - 0x00007ff95ca71000 	C:\WINDOWS\System32\fwpuclnt.dll
0x00007ff950080000 - 0x00007ff95008d000 	C:\Program Files\Java\jdk8u302-b08\jre\bin\management.dll
0x00007ff953c80000 - 0x00007ff953c92000 	C:\Program Files\Java\jdk8u302-b08\jre\bin\nio.dll
0x00007ff969840000 - 0x00007ff969858000 	C:\WINDOWS\SYSTEM32\CRYPTSP.dll
0x00007ff969150000 - 0x00007ff969185000 	C:\WINDOWS\system32\rsaenh.dll
0x00007ff9696f0000 - 0x00007ff969719000 	C:\WINDOWS\SYSTEM32\USERENV.dll
0x00007ff9699c0000 - 0x00007ff9699e7000 	C:\WINDOWS\SYSTEM32\bcrypt.dll
0x00007ff969ff0000 - 0x00007ff96a06f000 	C:\WINDOWS\System32\bcryptprimitives.dll
0x00007ff969860000 - 0x00007ff96986c000 	C:\WINDOWS\SYSTEM32\CRYPTBASE.dll
0x00007ff961380000 - 0x00007ff961399000 	C:\WINDOWS\SYSTEM32\dhcpcsvc6.DLL
0x00007ff961fb0000 - 0x00007ff961fce000 	C:\WINDOWS\SYSTEM32\dhcpcsvc.DLL
0x00007ff94d920000 - 0x00007ff94d937000 	C:\WINDOWS\system32\napinsp.dll
0x00007ff94d900000 - 0x00007ff94d91b000 	C:\WINDOWS\system32\pnrpnsp.dll
0x00007ff94d8e0000 - 0x00007ff94d8f2000 	C:\WINDOWS\System32\winrnr.dll
0x00007ff9609b0000 - 0x00007ff9609c5000 	C:\WINDOWS\system32\wshbth.dll
0x00007ff94d5c0000 - 0x00007ff94d5df000 	C:\WINDOWS\system32\nlansp_c.dll
0x00007ff935490000 - 0x00007ff9354b3000 	C:\Program Files\Java\jdk8u302-b08\jre\bin\sunec.dll
0x00007ff94b600000 - 0x00007ff94b60c000 	C:\Program Files\Java\jdk8u302-b08\jre\bin\sunmscapi.dll
0x00007ff96a6f0000 - 0x00007ff96a852000 	C:\WINDOWS\System32\CRYPT32.dll
0x00007ff969990000 - 0x00007ff9699b8000 	C:\WINDOWS\SYSTEM32\ncrypt.dll
0x00007ff969950000 - 0x00007ff969987000 	C:\WINDOWS\SYSTEM32\NTASN1.dll
0x00007ff935440000 - 0x00007ff935481000 	C:\Users\PJK\AppData\Local\Temp\jna-79249\jna5204011793087353425.dll
0x0000000180000000 - 0x0000000181921000 	C:\Users\PJK\AppData\Local\Temp\dhnetsdk.dll
0x00000294e8e30000 - 0x00000294e935e000 	C:\Users\PJK\AppData\Local\Temp\dhconfigsdk.dll
0x00007ff935400000 - 0x00007ff935432000 	C:\Users\PJK\AppData\Local\Temp\jSerialComm\1682759762526-jSerialComm.dll
0x00007ff96c3e0000 - 0x00007ff96c84c000 	C:\WINDOWS\System32\SETUPAPI.dll
0x00007ff969d00000 - 0x00007ff969d2c000 	C:\WINDOWS\SYSTEM32\DEVOBJ.dll
0x00007ff969cb0000 - 0x00007ff969cfc000 	C:\WINDOWS\SYSTEM32\cfgmgr32.dll
0x00007ff96aa50000 - 0x00007ff96aab7000 	C:\WINDOWS\System32\WINTRUST.dll
0x00007ff9698a0000 - 0x00007ff9698b2000 	C:\WINDOWS\SYSTEM32\MSASN1.dll
0x00007ff967be0000 - 0x00007ff967e01000 	C:\WINDOWS\SYSTEM32\dbghelp.dll

VM Arguments:
jvm_args: -agentlib:jdwp=transport=dt_socket,address=127.0.0.1:54926,suspend=y,server=n -XX:TieredStopAtLevel=1 -Xverify:none -Dspring.output.ansi.enabled=always -javaagent:C:\Users\PJK\AppData\Local\JetBrains\IntelliJIdea2021.2\captureAgent\debugger-agent.jar -Dcom.sun.management.jmxremote -Dspring.jmx.enabled=true -Dspring.liveBeansView.mbeanDomain -Dspring.application.admin.enabled=true -Dfile.encoding=UTF-8 
java_command: com.hitwh.chemicalpark.ChemicalparkApplication
java_class_path (initial): C:\Program Files\Java\jdk8u302-b08\jre\lib\charsets.jar;C:\Program Files\Java\jdk8u302-b08\jre\lib\ext\access-bridge-64.jar;C:\Program Files\Java\jdk8u302-b08\jre\lib\ext\cldrdata.jar;C:\Program Files\Java\jdk8u302-b08\jre\lib\ext\dnsns.jar;C:\Program Files\Java\jdk8u302-b08\jre\lib\ext\jaccess.jar;C:\Program Files\Java\jdk8u302-b08\jre\lib\ext\localedata.jar;C:\Program Files\Java\jdk8u302-b08\jre\lib\ext\nashorn.jar;C:\Program Files\Java\jdk8u302-b08\jre\lib\ext\sunec.jar;C:\Program Files\Java\jdk8u302-b08\jre\lib\ext\sunjce_provider.jar;C:\Program Files\Java\jdk8u302-b08\jre\lib\ext\sunmscapi.jar;C:\Program Files\Java\jdk8u302-b08\jre\lib\ext\sunpkcs11.jar;C:\Program Files\Java\jdk8u302-b08\jre\lib\ext\zipfs.jar;C:\Program Files\Java\jdk8u302-b08\jre\lib\jce.jar;C:\Program Files\Java\jdk8u302-b08\jre\lib\jfr.jar;C:\Program Files\Java\jdk8u302-b08\jre\lib\jsse.jar;C:\Program Files\Java\jdk8u302-b08\jre\lib\management-agent.jar;C:\Program Files\Java\jdk8u302-b08\jre\lib\resources.jar;C:\Program Files\Java\jdk8u302-b08\jre\lib\rt.jar;D:\Springboot+Vue\chemicalparkdemo\chemicalpark\target\classes;D:\apache-maven-3.6.3\repository\org\springframework\boot\spring-boot-starter-web\2.7.9\spring-boot-starter-web-2.7.9.jar;D:\apache-maven-3.6.3\repository\org\springframework\boot\spring-boot-starter\2.7.9\spring-boot-starter-2.7.9.jar;D:\apache-maven-3.6.3\repository\org\springframework\boot\spring-boot-starter-logging\2.7.9\spring-boot-starter-logging-2.7.9.jar;D:\apache-maven-3.6.3\repository\ch\qos\logback\logback-classic\1.2.11\logback-classic-1.2.11.jar;D:\apache-maven-3.6.3\repository\ch\qos\logback\logback-core\1.2.11\logback-core-1.2.11.jar;D:\apache-maven-3.6.3\repository\org\apache\logging\log4j\log4j-to-slf4j\2.17.2\log4j-to-slf4j-2.17.2.jar;D:\apache-maven-3.6.3\repository\org\apache\logging\log4j\log4j-api\2.17.2\log4j-api-2.17.2.jar;D:\apache-maven-3.6.3\repository\org\slf4j\jul-to-slf4j\1.7.36\jul-to-slf4j-1.7.36.jar;D:\apache-mave
Launcher Type: SUN_STANDARD

Environment Variables:
JAVA_HOME=C:\Program Files\Java\jdk-16.0.2
PATH=D:\WINDOWS.X64_193000_db_home\bin;C:\Users\PJK\AppData\Local\Temp\BNZ.629f0f886ffb3c8\bin;C:\Program Files\Common Files\Oracle\Java\javapath;C:\Program Files (x86)\Common Files\Intel\Shared Libraries\redist\intel64\compiler;C:\Windows\system32;C:\Windows;C:\Windows\System32\Wbem;C:\Windows\System32\WindowsPowerShell\v1.0\;C:\Windows\System32\OpenSSH\;C:\Program Files\NVIDIA Corporation\NVIDIA NvDLISR;C:\Program Files\Polyspace\R2019a\runtime\win64;C:\Program Files\Polyspace\R2019a\bin;C:\Program Files\Polyspace\R2019a\polyspace\bin;C:\Program Files (x86)\Wolfram Research\WolframScript\;C:\WINDOWS\system32;C:\WINDOWS;C:\WINDOWS\System32\Wbem;C:\WINDOWS\System32\WindowsPowerShell\v1.0\;C:\WINDOWS\System32\OpenSSH\;C:\Program Files (x86)\NVIDIA Corporation\PhysX\Common;C:\Program Files\dotnet\;C:\Program Files\Git\cmd;%MAVEN_HOME%\bin;C:\Program Files\nodejs\;D:\Anaconda\Scripts;D:\Anaconda;D:\Anaconda\Library\bin;D:\Anaconda\Library\mingw-w64\bin;C:\Users\PJK\AppData\Local\Programs\Python\Python311\Scripts\;C:\Users\PJK\AppData\Local\Programs\Python\Python311\;C:\Users\PJK\AppData\Local\Microsoft\WindowsApps;C:\Program Files\Bandizip\;C:\Program Files\JetBrains\PyCharm 2022.3.2\bin;;D:\IntelliJ IDEA 2021.2.1\bin;;D:\Mysql\bin;D:/apache-tomcat-10.0.1\lib;D:/apache-tomcat-10.0.1\bin;D:/apache-tomcat-10.0.1\lib\servlet-api.jar;C:\Program Files\Java\jdk-16.0.2\bin;C:\Users\PJK\AppData\Roaming\npm
USERNAME=PJK
OS=Windows_NT
PROCESSOR_IDENTIFIER=Intel64 Family 6 Model 158 Stepping 10, GenuineIntel



---------------  S Y S T E M  ---------------

OS: Windows 10.0 , 64 bit Build 22000 (10.0.22000.434)

CPU:total 8 (initial active 8) (4 cores per cpu, 2 threads per core) family 6 model 158 stepping 10, cmov, cx8, fxsr, mmx, sse, sse2, sse3, ssse3, sse4.1, sse4.2, popcnt, avx, avx2, aes, clmul, erms, 3dnowpref, lzcnt, ht, tsc, tscinvbit, bmi1, bmi2, adx

Memory: 4k page, physical 16695540k(4928132k free), swap 24559860k(6444668k free)

vm_info: OpenJDK 64-Bit Server VM (25.302-b08) for windows-amd64 JRE (1.8.0_302-b08), built on Jul 20 2021 21:31:03 by "jenkins" with MS VC++ 12.0 (VS2013)

time: Sat Apr 29 17:16:08 2023
timezone: ?D1¨²¡À¨º¡Á?¨º¡À??
elapsed time: 90.831492 seconds (0d 0h 1m 30s)

