Begin Time:2023-08-31T20:21:59.284
[2023-08-31T20:21:59.285 info Netsdk:58964 17896:18604 AVNetSDKMgr.cpp:504]Load avnetsdk library dynamically
[2023-08-31T20:21:59.286 info Netsdk:58964 17896:18604 AVNetSDKMgr.cpp:549]avnetsdk module handle: 00000210934D0000

[2023-08-31T20:21:59.286 info Netsdk:58964 17896:18604 AVNetSDKMgr.cpp:823]Load configsdk dynamically
[2023-08-31T20:21:59.288 info Netsdk:58964 17896:18604 dhnetsdk.cpp:302]Enter CLIENT_SetAutoReconnect:[cbAutoConnect=0000021091E50050, dwUser=0000000000000000].
[2023-08-31T20:21:59.288 info Netsdk:58964 17896:18604 dhnetsdk.cpp:304]Leave CLIENT_SetAutoReconnect.
[2023-08-31T20:21:59.288 info Netsdk:58964 17896:18604 dhnetsdk.cpp:326]Enter CLIENT_SetConnectTime:[nWaitTime=5000, nTryTimes=1].
[2023-08-31T20:21:59.288 info Netsdk:58964 17896:18604 dhnetsdk.cpp:339]Leave CLIENT_SetConnectTime.
[2023-08-31T20:21:59.289 info Netsdk:58964 17896:18604 dhnetsdk.cpp:352]Enter CLIENT_SetNetworkParam:[nWaittime=0, nConnectTime=10000, nConnectTryNum=0, nSubConnectSpaceTime=0, nGetDevInfoTime=3000, nConnectBufSize=0, nGetConnInfoTime=3000, nSearchRecordTime=0, nsubDisconnetTime=0, byNetType=0, byPlaybackBufSize=0, bDetectDisconnTime=0, bKeepLifeInterval=0, nPicBufSize=0].
[2023-08-31T20:21:59.289 info Netsdk:58964 17896:18604 dhnetsdk.cpp:367]Leave CLIENT_SetNetworkParam.
[2023-08-31T20:21:59.291 info Netsdk:58964 17896:18604 dhnetsdk.cpp:991]Enter CLIENT_LoginWithHighLevelSecurity. pstInParam:00000210FE0A0D70, pstOutParam:00000210FEF09F50.
[2023-08-31T20:21:59.291 info Netsdk:58964 17896:18604 dhnetsdk.cpp:1007]IP:192.168.18.168, port:37777, SpeCap:0, CapParam:0000000000000000, TLSCap:0
[2023-08-31T20:21:59.345 info Netsdk:58964 17896:18604 dhnetsdk.cpp:1054]Leave CLIENT_LoginWithHighLevelSecurity. error:0, login ID:-1853099600.
[2023-08-31T20:21:59.346 info Netsdk:58964 17896:18604 dhnetsdk.cpp:8441]Enter CLIENT_SetSnapRevCallBack. [OnSnapRevMessage=0000021091E50090, dwUser=0000000000000000.]
[2023-08-31T20:21:59.346 info Netsdk:58964 17896:18604 dhnetsdk.cpp:8444]Leave CLIENT_SetSnapRevCallBack.
[2023-08-31T20:21:59.346 info Netsdk:58964 17896:18604 dhnetsdk.cpp:8481]Enter CLIENT_SnapPictureEx. [lLoginID=-1853099600, par=0000021090A8F410, reserved=0000000000000000.]
[2023-08-31T20:21:59.346 info Netsdk:58964 17896:18604 dhnetsdk.cpp:8501]Leave CLIENT_SnapPictureEx. ret:1.
[2023-08-31T20:22:02.347 info Netsdk:58964 17896:18604 dhnetsdk.cpp:1075]Enter CLIENT_Logout. lLoginID:-1853099600.
[2023-08-31T20:22:02.352 error Netsdk:58964 17896:18604 TPTCPClient.cpp:723]Device is not online, ip:192.168.18.168
[2023-08-31T20:22:02.353 info Netsdk:58964 17896:18604 dhnetsdk.cpp:1097]Leave CLIENT_Logout. ret:1
