Begin Time:2023-04-28T14:34:31.564
[2023-04-28T14:34:31.564 info Netsdk:58964 15484:1440 AVNetSDKMgr.cpp:504]Load avnetsdk library dynamically
[2023-04-28T14:34:31.568 info Netsdk:58964 15484:1440 AVNetSDKMgr.cpp:549]avnetsdk module handle: 000001DF7D320000

[2023-04-28T14:34:31.568 info Netsdk:58964 15484:1440 AVNetSDKMgr.cpp:823]Load configsdk dynamically
[2023-04-28T14:34:31.570 info Netsdk:58964 15484:1440 dhnetsdk.cpp:302]Enter CLIENT_SetAutoReconnect:[cbAutoConnect=000001DF7C300050, dwUser=0000000000000000].
[2023-04-28T14:34:31.570 info Netsdk:58964 15484:1440 dhnetsdk.cpp:304]Leave CLIENT_SetAutoReconnect.
[2023-04-28T14:34:31.571 info Netsdk:58964 15484:1440 dhnetsdk.cpp:326]Enter CLIENT_SetConnectTime:[nWaitTime=5000, nTryTimes=1].
[2023-04-28T14:34:31.571 info Netsdk:58964 15484:1440 dhnetsdk.cpp:339]Leave CLIENT_SetConnectTime.
[2023-04-28T14:34:31.571 info Netsdk:58964 15484:1440 dhnetsdk.cpp:352]Enter CLIENT_SetNetworkParam:[nWaittime=0, nConnectTime=10000, nConnectTryNum=0, nSubConnectSpaceTime=0, nGetDevInfoTime=3000, nConnectBufSize=0, nGetConnInfoTime=3000, nSearchRecordTime=0, nsubDisconnetTime=0, byNetType=0, byPlaybackBufSize=0, bDetectDisconnTime=0, bKeepLifeInterval=0, nPicBufSize=0].
[2023-04-28T14:34:31.571 info Netsdk:58964 15484:1440 dhnetsdk.cpp:367]Leave CLIENT_SetNetworkParam.
[2023-04-28T14:34:31.573 info Netsdk:58964 15484:1440 dhnetsdk.cpp:991]Enter CLIENT_LoginWithHighLevelSecurity. pstInParam:000001DF78CF2E00, pstOutParam:000001DF7ACD5A40.
[2023-04-28T14:34:31.573 info Netsdk:58964 15484:1440 dhnetsdk.cpp:1007]IP:192.168.1.108, port:37777, SpeCap:0, CapParam:0000000000000000, TLSCap:0
[2023-04-28T14:34:31.636 info Netsdk:58964 15484:1440 dhnetsdk.cpp:1054]Leave CLIENT_LoginWithHighLevelSecurity. error:0, login ID:2075850256.
[2023-04-28T14:34:31.642 info Netsdk:58964 15484:1440 dhnetsdk.cpp:8441]Enter CLIENT_SetSnapRevCallBack. [OnSnapRevMessage=000001DF7C300090, dwUser=0000000000000000.]
[2023-04-28T14:34:31.642 info Netsdk:58964 15484:1440 dhnetsdk.cpp:8444]Leave CLIENT_SetSnapRevCallBack.
[2023-04-28T14:34:31.647 info Netsdk:58964 15484:1440 dhnetsdk.cpp:8481]Enter CLIENT_SnapPictureEx. [lLoginID=2075850256, par=000001DF7ABA3970, reserved=0000000000000000.]
[2023-04-28T14:34:31.648 info Netsdk:58964 15484:1440 dhnetsdk.cpp:8501]Leave CLIENT_SnapPictureEx. ret:1.
[2023-04-28T14:34:34.655 info Netsdk:58964 15484:1440 dhnetsdk.cpp:1075]Enter CLIENT_Logout. lLoginID:2075850256.
[2023-04-28T14:34:34.655 error Netsdk:58964 15484:1440 TPTCPClient.cpp:723]Device is not online, ip:192.168.1.108
[2023-04-28T14:34:34.655 info Netsdk:58964 15484:1440 dhnetsdk.cpp:1097]Leave CLIENT_Logout. ret:1
