Begin Time:2023-04-26T18:58:48.083
[2023-04-26T18:58:48.084 info Netsdk:58964 11368:13188 AVNetSDKMgr.cpp:736]Test avnetsdk module handle: 000001DAE0900000

[2023-04-26T18:58:48.084 info Netsdk:58964 11368:18848 AVNetSDKMgr.cpp:504]Load avnetsdk library dynamically
[2023-04-26T18:58:48.084 info Netsdk:58964 11368:13188 dhnetsdk.cpp:268]Leave CLIENT_InitEx.
[2023-04-26T18:58:48.085 info Netsdk:58964 11368:13188 Manager.cpp:16725]-------------------Log file reset, log number:10-log size:10240------------------
Begin Time:2023-04-26T18:58:48.091
[2023-04-26T18:58:48.091 info Netsdk:58964 11368:18848 AVNetSDKMgr.cpp:549]avnetsdk module handle: 000001DAE0900000

[2023-04-26T18:58:48.091 info Netsdk:58964 11368:18848 AVNetSDKMgr.cpp:823]Load configsdk dynamically
[2023-04-26T18:58:48.094 info Netsdk:58964 11368:13188 dhnetsdk.cpp:302]Enter CLIENT_SetAutoReconnect:[cbAutoConnect=000001DADB810050, dwUser=0000000000000000].
[2023-04-26T18:58:48.094 info Netsdk:58964 11368:13188 dhnetsdk.cpp:304]Leave CLIENT_SetAutoReconnect.
[2023-04-26T18:58:48.094 info Netsdk:58964 11368:18848 dhnetsdk.cpp:302]Enter CLIENT_SetAutoReconnect:[cbAutoConnect=000001DADB810050, dwUser=0000000000000000].
[2023-04-26T18:58:48.094 info Netsdk:58964 11368:18848 dhnetsdk.cpp:304]Leave CLIENT_SetAutoReconnect.
[2023-04-26T18:58:48.094 info Netsdk:58964 11368:13188 dhnetsdk.cpp:326]Enter CLIENT_SetConnectTime:[nWaitTime=5000, nTryTimes=1].
[2023-04-26T18:58:48.094 info Netsdk:58964 11368:13188 dhnetsdk.cpp:339]Leave CLIENT_SetConnectTime.
[2023-04-26T18:58:48.094 info Netsdk:58964 11368:18848 dhnetsdk.cpp:326]Enter CLIENT_SetConnectTime:[nWaitTime=5000, nTryTimes=1].
[2023-04-26T18:58:48.094 info Netsdk:58964 11368:18848 dhnetsdk.cpp:339]Leave CLIENT_SetConnectTime.
[2023-04-26T18:58:48.095 info Netsdk:58964 11368:13188 dhnetsdk.cpp:352]Enter CLIENT_SetNetworkParam:[nWaittime=0, nConnectTime=10000, nConnectTryNum=0, nSubConnectSpaceTime=0, nGetDevInfoTime=3000, nConnectBufSize=0, nGetConnInfoTime=3000, nSearchRecordTime=0, nsubDisconnetTime=0, byNetType=0, byPlaybackBufSize=0, bDetectDisconnTime=0, bKeepLifeInterval=0, nPicBufSize=0].
[2023-04-26T18:58:48.095 info Netsdk:58964 11368:13188 dhnetsdk.cpp:367]Leave CLIENT_SetNetworkParam.
[2023-04-26T18:58:48.095 info Netsdk:58964 11368:18848 dhnetsdk.cpp:352]Enter CLIENT_SetNetworkParam:[nWaittime=0, nConnectTime=10000, nConnectTryNum=0, nSubConnectSpaceTime=0, nGetDevInfoTime=3000, nConnectBufSize=0, nGetConnInfoTime=3000, nSearchRecordTime=0, nsubDisconnetTime=0, byNetType=0, byPlaybackBufSize=0, bDetectDisconnTime=0, bKeepLifeInterval=0, nPicBufSize=0].
[2023-04-26T18:58:48.095 info Netsdk:58964 11368:18848 dhnetsdk.cpp:367]Leave CLIENT_SetNetworkParam.
[2023-04-26T18:58:48.098 info Netsdk:58964 11368:18848 dhnetsdk.cpp:991]Enter CLIENT_LoginWithHighLevelSecurity. pstInParam:000001DADC1A5990, pstOutParam:000001DADB63AD90.
[2023-04-26T18:58:48.098 info Netsdk:58964 11368:18848 dhnetsdk.cpp:1007]IP:192.168.1.108, port:37777, SpeCap:0, CapParam:0000000000000000, TLSCap:0
[2023-04-26T18:58:48.098 info Netsdk:58964 11368:13188 dhnetsdk.cpp:991]Enter CLIENT_LoginWithHighLevelSecurity. pstInParam:000001DADC1A85A0, pstOutParam:000001DADDBAD850.
[2023-04-26T18:58:48.099 info Netsdk:58964 11368:13188 dhnetsdk.cpp:1007]IP:192.168.1.108, port:37777, SpeCap:0, CapParam:0000000000000000, TLSCap:0
[2023-04-26T18:58:58.110 error Netsdk:58964 11368:18848 TPTCPClient.cpp:522]Connect host failed, ip:192.168.1.108
[2023-04-26T18:58:58.110 error Netsdk:58964 11368:13188 TPTCPClient.cpp:522]Connect host failed, ip:192.168.1.108
[2023-04-26T18:58:58.110 error Netsdk:58964 11368:18848 dhdevprob.cpp:3242]Login failed, Failed to create main connection
[2023-04-26T18:58:58.110 error Netsdk:58964 11368:13188 dhdevprob.cpp:3242]Login failed, Failed to create main connection
[2023-04-26T18:58:58.110 error Netsdk:58964 11368:18848 Manager.cpp:11144]device is NULL
[2023-04-26T18:58:58.110 error Netsdk:58964 11368:18848 Manager.cpp:11245]Login device failed, errorcode:9!
[2023-04-26T18:58:58.110 error Netsdk:58964 11368:13188 Manager.cpp:11144]device is NULL
[2023-04-26T18:58:58.110 error Netsdk:58964 11368:13188 Manager.cpp:11245]Login device failed, errorcode:9!
[2023-04-26T18:58:58.111 error Netsdk:58964 11368:13188 dhnetsdk.cpp:1050]Login failed, ip:192.168.1.108, port:37777, specCap:0!
[2023-04-26T18:58:58.111 info Netsdk:58964 11368:13188 dhnetsdk.cpp:1054]Leave CLIENT_LoginWithHighLevelSecurity. error:9, login ID:0.
[2023-04-26T18:58:58.111 error Netsdk:58964 11368:18848 dhnetsdk.cpp:1050]Login failed, ip:192.168.1.108, port:37777, specCap:0!
[2023-04-26T18:58:58.111 info Netsdk:58964 11368:18848 dhnetsdk.cpp:1054]Leave CLIENT_LoginWithHighLevelSecurity. error:9, login ID:0.
[2023-04-26T18:58:58.113 info Netsdk:58964 11368:13188 dhnetsdk.cpp:7929]Enter CLIENT_GetLastError.
[2023-04-26T18:58:58.113 info Netsdk:58964 11368:18848 dhnetsdk.cpp:7929]Enter CLIENT_GetLastError.
[2023-04-26T18:58:58.113 info Netsdk:58964 11368:18848 dhnetsdk.cpp:7932]Leave CLIENT_GetLastError.[Error code=8000006b.]
[2023-04-26T18:58:58.113 info Netsdk:58964 11368:13188 dhnetsdk.cpp:7932]Leave CLIENT_GetLastError.[Error code=8000006b.]
[2023-04-26T18:58:58.113 info Netsdk:58964 11368:18848 dhnetsdk.cpp:7929]Enter CLIENT_GetLastError.
[2023-04-26T18:58:58.113 info Netsdk:58964 11368:18848 dhnetsdk.cpp:7932]Leave CLIENT_GetLastError.[Error code=8000006b.]
[2023-04-26T18:58:58.113 info Netsdk:58964 11368:13188 dhnetsdk.cpp:7929]Enter CLIENT_GetLastError.
[2023-04-26T18:58:58.113 info Netsdk:58964 11368:13188 dhnetsdk.cpp:7932]Leave CLIENT_GetLastError.[Error code=8000006b.]
[2023-04-26T18:58:58.122 info Netsdk:58964 11368:13188 dhnetsdk.cpp:8441]Enter CLIENT_SetSnapRevCallBack. [OnSnapRevMessage=000001DADB810090, dwUser=0000000000000000.]
[2023-04-26T18:58:58.122 info Netsdk:58964 11368:13188 dhnetsdk.cpp:8444]Leave CLIENT_SetSnapRevCallBack.
[2023-04-26T18:58:58.122 info Netsdk:58964 11368:18848 dhnetsdk.cpp:8441]Enter CLIENT_SetSnapRevCallBack. [OnSnapRevMessage=000001DADB810090, dwUser=0000000000000000.]
[2023-04-26T18:58:58.122 info Netsdk:58964 11368:18848 dhnetsdk.cpp:8444]Leave CLIENT_SetSnapRevCallBack.
[2023-04-26T18:58:58.124 info Netsdk:58964 11368:13188 dhnetsdk.cpp:8481]Enter CLIENT_SnapPictureEx. [lLoginID=0, par=000001DADDE47BE0, reserved=0000000000000000.]
[2023-04-26T18:58:58.124 error Netsdk:58964 11368:13188 dhnetsdk.cpp:8493]Invalid login handle:0000000000000000
[2023-04-26T18:58:58.124 info Netsdk:58964 11368:18848 dhnetsdk.cpp:8481]Enter CLIENT_SnapPictureEx. [lLoginID=0, par=000001DADC15AE20, reserved=0000000000000000.]
[2023-04-26T18:58:58.124 error Netsdk:58964 11368:18848 dhnetsdk.cpp:8493]Invalid login handle:0000000000000000
[2023-04-26T18:58:58.124 info Netsdk:58964 11368:13188 dhnetsdk.cpp:7929]Enter CLIENT_GetLastError.
[2023-04-26T18:58:58.124 info Netsdk:58964 11368:13188 dhnetsdk.cpp:7932]Leave CLIENT_GetLastError.[Error code=80000004.]
[2023-04-26T18:58:58.124 info Netsdk:58964 11368:18848 dhnetsdk.cpp:7929]Enter CLIENT_GetLastError.
[2023-04-26T18:58:58.124 info Netsdk:58964 11368:18848 dhnetsdk.cpp:7932]Leave CLIENT_GetLastError.[Error code=80000004.]
