Begin Time:2023-04-26T12:52:02.896
[2023-04-26T12:52:02.896 info Netsdk:58964 7496:19520 AVNetSDKMgr.cpp:504]Load avnetsdk library dynamically
[2023-04-26T12:52:02.903 info Netsdk:58964 7496:19520 AVNetSDKMgr.cpp:549]avnetsdk module handle: 000001DE0D7C0000

[2023-04-26T12:52:02.903 info Netsdk:58964 7496:19520 AVNetSDKMgr.cpp:823]Load configsdk dynamically
[2023-04-26T12:52:02.903 info Netsdk:58964 7496:5276 AVNetSDKMgr.cpp:736]Test avnetsdk module handle: 000001DE0D7C0000

[2023-04-26T12:52:02.903 info Netsdk:58964 7496:5276 dhnetsdk.cpp:268]Leave CLIENT_InitEx.
[2023-04-26T12:52:02.904 info Netsdk:58964 7496:5276 Manager.cpp:16725]-------------------Log file reset, log number:10-log size:10240------------------
Begin Time:2023-04-26T12:52:02.913
[2023-04-26T12:52:02.913 info Netsdk:58964 7496:19520 dhnetsdk.cpp:302]Enter CLIENT_SetAutoReconnect:[cbAutoConnect=000001DE0BEA0050, dwUser=0000000000000000].
[2023-04-26T12:52:02.913 info Netsdk:58964 7496:19520 dhnetsdk.cpp:304]Leave CLIENT_SetAutoReconnect.
[2023-04-26T12:52:02.913 info Netsdk:58964 7496:5276 dhnetsdk.cpp:302]Enter CLIENT_SetAutoReconnect:[cbAutoConnect=000001DE0BEA0050, dwUser=0000000000000000].
[2023-04-26T12:52:02.913 info Netsdk:58964 7496:5276 dhnetsdk.cpp:304]Leave CLIENT_SetAutoReconnect.
[2023-04-26T12:52:02.913 info Netsdk:58964 7496:19520 dhnetsdk.cpp:326]Enter CLIENT_SetConnectTime:[nWaitTime=5000, nTryTimes=1].
[2023-04-26T12:52:02.913 info Netsdk:58964 7496:19520 dhnetsdk.cpp:339]Leave CLIENT_SetConnectTime.
[2023-04-26T12:52:02.914 info Netsdk:58964 7496:5276 dhnetsdk.cpp:326]Enter CLIENT_SetConnectTime:[nWaitTime=5000, nTryTimes=1].
[2023-04-26T12:52:02.914 info Netsdk:58964 7496:5276 dhnetsdk.cpp:339]Leave CLIENT_SetConnectTime.
[2023-04-26T12:52:02.914 info Netsdk:58964 7496:5276 dhnetsdk.cpp:352]Enter CLIENT_SetNetworkParam:[nWaittime=0, nConnectTime=10000, nConnectTryNum=0, nSubConnectSpaceTime=0, nGetDevInfoTime=3000, nConnectBufSize=0, nGetConnInfoTime=3000, nSearchRecordTime=0, nsubDisconnetTime=0, byNetType=0, byPlaybackBufSize=0, bDetectDisconnTime=0, bKeepLifeInterval=0, nPicBufSize=0].
[2023-04-26T12:52:02.914 info Netsdk:58964 7496:5276 dhnetsdk.cpp:367]Leave CLIENT_SetNetworkParam.
[2023-04-26T12:52:02.914 info Netsdk:58964 7496:19520 dhnetsdk.cpp:352]Enter CLIENT_SetNetworkParam:[nWaittime=0, nConnectTime=10000, nConnectTryNum=0, nSubConnectSpaceTime=0, nGetDevInfoTime=3000, nConnectBufSize=0, nGetConnInfoTime=3000, nSearchRecordTime=0, nsubDisconnetTime=0, byNetType=0, byPlaybackBufSize=0, bDetectDisconnTime=0, bKeepLifeInterval=0, nPicBufSize=0].
[2023-04-26T12:52:02.914 info Netsdk:58964 7496:19520 dhnetsdk.cpp:367]Leave CLIENT_SetNetworkParam.
[2023-04-26T12:52:02.916 info Netsdk:58964 7496:19520 dhnetsdk.cpp:991]Enter CLIENT_LoginWithHighLevelSecurity. pstInParam:000001DE0B0B58F0, pstOutParam:000001DE0AEFAB20.
[2023-04-26T12:52:02.916 info Netsdk:58964 7496:19520 dhnetsdk.cpp:1007]IP:192.168.1.108, port:37777, SpeCap:0, CapParam:0000000000000000, TLSCap:0
[2023-04-26T12:52:02.916 info Netsdk:58964 7496:5276 dhnetsdk.cpp:991]Enter CLIENT_LoginWithHighLevelSecurity. pstInParam:000001DE0B0B8230, pstOutParam:000001DE0AEFBD20.
[2023-04-26T12:52:02.916 info Netsdk:58964 7496:5276 dhnetsdk.cpp:1007]IP:192.168.1.108, port:37777, SpeCap:0, CapParam:0000000000000000, TLSCap:0
[2023-04-26T12:52:02.951 info Netsdk:58964 7496:19520 dhnetsdk.cpp:1054]Leave CLIENT_LoginWithHighLevelSecurity. error:0, login ID:232188304.
[2023-04-26T12:52:02.953 info Netsdk:58964 7496:19520 dhnetsdk.cpp:8441]Enter CLIENT_SetSnapRevCallBack. [OnSnapRevMessage=000001DE0BEA0090, dwUser=0000000000000000.]
[2023-04-26T12:52:02.953 info Netsdk:58964 7496:19520 dhnetsdk.cpp:8444]Leave CLIENT_SetSnapRevCallBack.
[2023-04-26T12:52:02.955 info Netsdk:58964 7496:19520 dhnetsdk.cpp:8481]Enter CLIENT_SnapPictureEx. [lLoginID=232188304, par=000001DE0B001F20, reserved=0000000000000000.]
[2023-04-26T12:52:02.955 info Netsdk:58964 7496:19520 dhnetsdk.cpp:8501]Leave CLIENT_SnapPictureEx. ret:1.
[2023-04-26T12:52:02.957 info Netsdk:58964 7496:5276 dhnetsdk.cpp:1054]Leave CLIENT_LoginWithHighLevelSecurity. error:0, login ID:232263648.
[2023-04-26T12:52:02.957 info Netsdk:58964 7496:5276 dhnetsdk.cpp:8441]Enter CLIENT_SetSnapRevCallBack. [OnSnapRevMessage=000001DE0BEA0090, dwUser=0000000000000000.]
[2023-04-26T12:52:02.957 info Netsdk:58964 7496:5276 dhnetsdk.cpp:8444]Leave CLIENT_SetSnapRevCallBack.
[2023-04-26T12:52:02.958 info Netsdk:58964 7496:5276 dhnetsdk.cpp:8481]Enter CLIENT_SnapPictureEx. [lLoginID=232263648, par=000001DE0B00D310, reserved=0000000000000000.]
[2023-04-26T12:52:02.958 info Netsdk:58964 7496:5276 dhnetsdk.cpp:8501]Leave CLIENT_SnapPictureEx. ret:1.
[2023-04-26T12:52:05.956 info Netsdk:58964 7496:19520 dhnetsdk.cpp:1075]Enter CLIENT_Logout. lLoginID:232263648.
[2023-04-26T12:52:05.956 error Netsdk:58964 7496:19520 TPTCPClient.cpp:723]Device is not online, ip:192.168.1.108
[2023-04-26T12:52:05.956 info Netsdk:58964 7496:19520 dhnetsdk.cpp:1097]Leave CLIENT_Logout. ret:1
