Begin Time:2023-04-28T17:07:27.307
[2023-04-28T17:07:27.307 info Netsdk:58964 18224:5956 AVNetSDKMgr.cpp:504]Load avnetsdk library dynamically
[2023-04-28T17:07:27.312 info Netsdk:58964 18224:5956 AVNetSDKMgr.cpp:549]avnetsdk module handle: 0000018432120000

[2023-04-28T17:07:27.312 info Netsdk:58964 18224:5956 AVNetSDKMgr.cpp:823]Load configsdk dynamically
[2023-04-28T17:07:27.314 info Netsdk:58964 18224:5956 dhnetsdk.cpp:302]Enter CLIENT_SetAutoReconnect:[cbAutoConnect=000001842A4A0050, dwUser=0000000000000000].
[2023-04-28T17:07:27.314 info Netsdk:58964 18224:5956 dhnetsdk.cpp:304]Leave CLIENT_SetAutoReconnect.
[2023-04-28T17:07:27.314 info Netsdk:58964 18224:5956 dhnetsdk.cpp:326]Enter CLIENT_SetConnectTime:[nWaitTime=5000, nTryTimes=1].
[2023-04-28T17:07:27.314 info Netsdk:58964 18224:5956 dhnetsdk.cpp:339]Leave CLIENT_SetConnectTime.
[2023-04-28T17:07:27.315 info Netsdk:58964 18224:5956 dhnetsdk.cpp:352]Enter CLIENT_SetNetworkParam:[nWaittime=0, nConnectTime=10000, nConnectTryNum=0, nSubConnectSpaceTime=0, nGetDevInfoTime=3000, nConnectBufSize=0, nGetConnInfoTime=3000, nSearchRecordTime=0, nsubDisconnetTime=0, byNetType=0, byPlaybackBufSize=0, bDetectDisconnTime=0, bKeepLifeInterval=0, nPicBufSize=0].
[2023-04-28T17:07:27.315 info Netsdk:58964 18224:5956 dhnetsdk.cpp:367]Leave CLIENT_SetNetworkParam.
[2023-04-28T17:07:27.316 info Netsdk:58964 18224:5956 dhnetsdk.cpp:991]Enter CLIENT_LoginWithHighLevelSecurity. pstInParam:000001842CBF0700, pstOutParam:000001842F9DE830.
[2023-04-28T17:07:27.316 info Netsdk:58964 18224:5956 dhnetsdk.cpp:1007]IP:192.168.1.108, port:37777, SpeCap:0, CapParam:0000000000000000, TLSCap:0
[2023-04-28T17:07:27.360 info Netsdk:58964 18224:5956 dhnetsdk.cpp:1054]Leave CLIENT_LoginWithHighLevelSecurity. error:0, login ID:815199024.
[2023-04-28T17:07:27.362 info Netsdk:58964 18224:5956 dhnetsdk.cpp:8441]Enter CLIENT_SetSnapRevCallBack. [OnSnapRevMessage=000001842A4A0090, dwUser=0000000000000000.]
[2023-04-28T17:07:27.362 info Netsdk:58964 18224:5956 dhnetsdk.cpp:8444]Leave CLIENT_SetSnapRevCallBack.
[2023-04-28T17:07:27.364 info Netsdk:58964 18224:5956 dhnetsdk.cpp:8481]Enter CLIENT_SnapPictureEx. [lLoginID=815199024, par=000001842D9A91D0, reserved=0000000000000000.]
[2023-04-28T17:07:27.364 info Netsdk:58964 18224:5956 dhnetsdk.cpp:8501]Leave CLIENT_SnapPictureEx. ret:1.
[2023-04-28T17:07:27.931 info Netsdk:58964 18224:18000 dhnetsdk.cpp:245]Enter CLIENT_InitEx:[cbDisConnect=000001842A4A0010, dwUser=0000000000000000, lpInitParam=0000000000000000].
[2023-04-28T17:07:27.931 info Netsdk:58964 18224:18000 AVNetSDKMgr.cpp:736]Test avnetsdk module handle: 0000018432120000

[2023-04-28T17:07:27.931 info Netsdk:58964 18224:18000 dhnetsdk.cpp:268]Leave CLIENT_InitEx.
[2023-04-28T17:07:27.931 info Netsdk:58964 18224:18000 Manager.cpp:16725]-------------------Log file reset, log number:10-log size:10240------------------
Begin Time:2023-04-28T17:07:27.932
[2023-04-28T17:07:27.932 info Netsdk:58964 18224:18000 dhnetsdk.cpp:302]Enter CLIENT_SetAutoReconnect:[cbAutoConnect=000001842A4A0050, dwUser=0000000000000000].
[2023-04-28T17:07:27.932 info Netsdk:58964 18224:18000 dhnetsdk.cpp:304]Leave CLIENT_SetAutoReconnect.
[2023-04-28T17:07:27.932 info Netsdk:58964 18224:18000 dhnetsdk.cpp:326]Enter CLIENT_SetConnectTime:[nWaitTime=5000, nTryTimes=1].
[2023-04-28T17:07:27.932 info Netsdk:58964 18224:18000 dhnetsdk.cpp:339]Leave CLIENT_SetConnectTime.
[2023-04-28T17:07:27.932 info Netsdk:58964 18224:18000 dhnetsdk.cpp:352]Enter CLIENT_SetNetworkParam:[nWaittime=0, nConnectTime=10000, nConnectTryNum=0, nSubConnectSpaceTime=0, nGetDevInfoTime=3000, nConnectBufSize=0, nGetConnInfoTime=3000, nSearchRecordTime=0, nsubDisconnetTime=0, byNetType=0, byPlaybackBufSize=0, bDetectDisconnTime=0, bKeepLifeInterval=0, nPicBufSize=0].
[2023-04-28T17:07:27.932 info Netsdk:58964 18224:18000 dhnetsdk.cpp:367]Leave CLIENT_SetNetworkParam.
[2023-04-28T17:07:27.933 info Netsdk:58964 18224:18000 dhnetsdk.cpp:8441]Enter CLIENT_SetSnapRevCallBack. [OnSnapRevMessage=000001842A4A0090, dwUser=0000000000000000.]
[2023-04-28T17:07:27.933 info Netsdk:58964 18224:18000 dhnetsdk.cpp:8444]Leave CLIENT_SetSnapRevCallBack.
[2023-04-28T17:07:27.933 info Netsdk:58964 18224:18000 dhnetsdk.cpp:8481]Enter CLIENT_SnapPictureEx. [lLoginID=815199024, par=000001842DBEAEA0, reserved=0000000000000000.]
[2023-04-28T17:07:27.933 info Netsdk:58964 18224:18000 dhnetsdk.cpp:8501]Leave CLIENT_SnapPictureEx. ret:1.
[2023-04-28T17:07:30.366 info Netsdk:58964 18224:5956 dhnetsdk.cpp:1075]Enter CLIENT_Logout. lLoginID:815199024.
[2023-04-28T17:07:30.367 error Netsdk:58964 18224:5956 TPTCPClient.cpp:723]Device is not online, ip:192.168.1.108
[2023-04-28T17:07:30.367 info Netsdk:58964 18224:5956 dhnetsdk.cpp:1097]Leave CLIENT_Logout. ret:1
