Begin Time:2023-04-25T18:49:37.936
[2023-04-25T18:49:37.936 info Netsdk:58964 9376:15604 AVNetSDKMgr.cpp:504]Load avnetsdk library dynamically
[2023-04-25T18:49:37.941 info Netsdk:58964 9376:15604 AVNetSDKMgr.cpp:549]avnetsdk module handle: 00000202DD250000

[2023-04-25T18:49:37.941 info Netsdk:58964 9376:15604 AVNetSDKMgr.cpp:823]Load configsdk dynamically
[2023-04-25T18:49:37.944 info Netsdk:58964 9376:15604 dhnetsdk.cpp:302]Enter CLIENT_SetAutoReconnect:[cbAutoConnect=00000202D56A0050, dwUser=0000000000000000].
[2023-04-25T18:49:37.944 info Netsdk:58964 9376:15604 dhnetsdk.cpp:304]Leave CLIENT_SetAutoReconnect.
[2023-04-25T18:49:37.944 info Netsdk:58964 9376:15604 dhnetsdk.cpp:326]Enter CLIENT_SetConnectTime:[nWaitTime=5000, nTryTimes=1].
[2023-04-25T18:49:37.944 info Netsdk:58964 9376:15604 dhnetsdk.cpp:339]Leave CLIENT_SetConnectTime.
[2023-04-25T18:49:37.945 info Netsdk:58964 9376:15604 dhnetsdk.cpp:352]Enter CLIENT_SetNetworkParam:[nWaittime=0, nConnectTime=10000, nConnectTryNum=0, nSubConnectSpaceTime=0, nGetDevInfoTime=3000, nConnectBufSize=0, nGetConnInfoTime=3000, nSearchRecordTime=0, nsubDisconnetTime=0, byNetType=0, byPlaybackBufSize=0, bDetectDisconnTime=0, bKeepLifeInterval=0, nPicBufSize=0].
[2023-04-25T18:49:37.945 info Netsdk:58964 9376:15604 dhnetsdk.cpp:367]Leave CLIENT_SetNetworkParam.
[2023-04-25T18:49:37.946 info Netsdk:58964 9376:15604 dhnetsdk.cpp:991]Enter CLIENT_LoginWithHighLevelSecurity. pstInParam:00000202D80383F0, pstOutParam:00000202D8B05300.
[2023-04-25T18:49:37.946 info Netsdk:58964 9376:15604 dhnetsdk.cpp:1007]IP:192.168.1.108, port:37777, SpeCap:0, CapParam:0000000000000000, TLSCap:0
[2023-04-25T18:49:38.014 info Netsdk:58964 9376:15604 dhnetsdk.cpp:1054]Leave CLIENT_LoginWithHighLevelSecurity. error:0, login ID:-609028592.
[2023-04-25T18:49:38.018 info Netsdk:58964 9376:15604 dhnetsdk.cpp:8441]Enter CLIENT_SetSnapRevCallBack. [OnSnapRevMessage=00000202D56A0090, dwUser=0000000000000000.]
[2023-04-25T18:49:38.018 info Netsdk:58964 9376:15604 dhnetsdk.cpp:8444]Leave CLIENT_SetSnapRevCallBack.
[2023-04-25T18:49:38.021 info Netsdk:58964 9376:15604 dhnetsdk.cpp:8481]Enter CLIENT_SnapPictureEx. [lLoginID=-609028592, par=00000202DAACA140, reserved=0000000000000000.]
[2023-04-25T18:49:38.021 info Netsdk:58964 9376:15604 dhnetsdk.cpp:8501]Leave CLIENT_SnapPictureEx. ret:1.
[2023-04-25T18:49:41.032 info Netsdk:58964 9376:15604 dhnetsdk.cpp:1075]Enter CLIENT_Logout. lLoginID:-609028592.
[2023-04-25T18:49:41.036 error Netsdk:58964 9376:15604 TPTCPClient.cpp:723]Device is not online, ip:192.168.1.108
[2023-04-25T18:49:41.037 info Netsdk:58964 9376:15604 dhnetsdk.cpp:1097]Leave CLIENT_Logout. ret:1
