Begin Time:2023-04-25T19:06:01.774
[2023-04-25T19:06:01.775 info Netsdk:58964 11308:12360 AVNetSDKMgr.cpp:504]Load avnetsdk library dynamically
[2023-04-25T19:06:01.779 info Netsdk:58964 11308:12360 AVNetSDKMgr.cpp:549]avnetsdk module handle: 0000016C41A00000

[2023-04-25T19:06:01.779 info Netsdk:58964 11308:12360 AVNetSDKMgr.cpp:823]Load configsdk dynamically
[2023-04-25T19:06:01.781 info Netsdk:58964 11308:12360 dhnetsdk.cpp:302]Enter CLIENT_SetAutoReconnect:[cbAutoConnect=0000000000000000, dwUser=0000000000000000].
[2023-04-25T19:06:01.781 info Netsdk:58964 11308:12360 dhnetsdk.cpp:304]Leave CLIENT_SetAutoReconnect.
[2023-04-25T19:06:01.781 info Netsdk:58964 11308:12360 dhnetsdk.cpp:326]Enter CLIENT_SetConnectTime:[nWaitTime=5000, nTryTimes=1].
[2023-04-25T19:06:01.781 info Netsdk:58964 11308:12360 dhnetsdk.cpp:339]Leave CLIENT_SetConnectTime.
[2023-04-25T19:06:01.782 info Netsdk:58964 11308:12360 dhnetsdk.cpp:352]Enter CLIENT_SetNetworkParam:[nWaittime=0, nConnectTime=10000, nConnectTryNum=0, nSubConnectSpaceTime=0, nGetDevInfoTime=3000, nConnectBufSize=0, nGetConnInfoTime=3000, nSearchRecordTime=0, nsubDisconnetTime=0, byNetType=0, byPlaybackBufSize=0, bDetectDisconnTime=0, bKeepLifeInterval=0, nPicBufSize=0].
[2023-04-25T19:06:01.782 info Netsdk:58964 11308:12360 dhnetsdk.cpp:367]Leave CLIENT_SetNetworkParam.
[2023-04-25T19:06:14.186 info Netsdk:58964 11308:12360 dhnetsdk.cpp:991]Enter CLIENT_LoginWithHighLevelSecurity. pstInParam:0000016C3770D380, pstOutParam:0000016C37B4D860.
[2023-04-25T19:06:14.186 info Netsdk:58964 11308:12360 dhnetsdk.cpp:1007]IP:192.168.1.108, port:37777, SpeCap:0, CapParam:0000000000000000, TLSCap:0
[2023-04-25T19:06:14.227 info Netsdk:58964 11308:12360 dhnetsdk.cpp:1054]Leave CLIENT_LoginWithHighLevelSecurity. error:0, login ID:946348224.
[2023-04-25T19:06:17.992 info Netsdk:58964 11308:12360 dhnetsdk.cpp:2225]Enter CLIENT_SetDeviceMode. [lLoginID=946348224, emType=2. pValue=0000016C36E5A040]
[2023-04-25T19:06:17.992 info Netsdk:58964 11308:12360 dhnetsdk.cpp:2244]Leave CLIENT_SetDeviceMode. ret:1.
[2023-04-25T19:06:17.992 info Netsdk:58964 11308:12360 dhnetsdk.cpp:2225]Enter CLIENT_SetDeviceMode. [lLoginID=946348224, emType=7. pValue=0000016C37E18870]
[2023-04-25T19:06:17.992 info Netsdk:58964 11308:12360 dhnetsdk.cpp:2244]Leave CLIENT_SetDeviceMode. ret:1.
[2023-04-25T19:06:17.993 info Netsdk:58964 11308:12360 dhnetsdk.cpp:2225]Enter CLIENT_SetDeviceMode. [lLoginID=946348224, emType=11. pValue=0000016C37C17A20]
[2023-04-25T19:06:17.993 info Netsdk:58964 11308:12360 dhnetsdk.cpp:2244]Leave CLIENT_SetDeviceMode. ret:1.
[2023-04-25T19:06:17.993 info Netsdk:58964 11308:12360 dhnetsdk.cpp:2225]Enter CLIENT_SetDeviceMode. [lLoginID=946348224, emType=5. pValue=0000016C37C17CC0]
[2023-04-25T19:06:17.993 info Netsdk:58964 11308:12360 dhnetsdk.cpp:2244]Leave CLIENT_SetDeviceMode. ret:1.
[2023-04-25T19:06:17.994 info Netsdk:58964 11308:12360 dhnetsdk.cpp:2288]Enter CLIENT_StartTalkEx. lLoginID:946348224, pfcb:0000016C3F350050. dwUser:0000000000000000
[2023-04-25T19:06:18.042 error Netsdk:58964 11308:12360 Generation2ProtocolSecureTransmit.cpp:661]Not find
[2023-04-25T19:06:18.042 info Netsdk:58964 11308:12360 DevConfigEx.cpp:11260]IN SetupSession PORT=0 and PORT: 37777
[2023-04-25T19:06:18.061 error Netsdk:58964 11308:12360 Generation2ProtocolSecureTransmit.cpp:661]Not find
[2023-04-25T19:06:18.061 info Netsdk:58964 11308:12360 dhnetsdk.cpp:2308]Leave CLIENT_StartTalkEx. ret:946024528.
[2023-04-25T19:06:18.061 info Netsdk:58964 11308:12360 dhnetsdk.cpp:2552]Enter CLIENT_RecordStart.
[2023-04-25T19:06:18.516 info Netsdk:58964 11308:12360 dhnetsdk.cpp:2556]Leave CLIENT_RecordStart. bRet:1.
[2023-04-25T19:06:24.336 info Netsdk:58964 11308:12360 dhnetsdk.cpp:2570]Enter CLIENT_RecordStop.
[2023-04-25T19:06:24.343 info Netsdk:58964 11308:12360 dhnetsdk.cpp:2574]Leave CLIENT_RecordStop. bRet:1.
[2023-04-25T19:06:24.343 info Netsdk:58964 11308:12360 dhnetsdk.cpp:2688]Enter CLIENT_StopTalkEx. lTalkHandle:946024528.
[2023-04-25T19:06:24.343 error Netsdk:58964 11308:12360 Talk.cpp:1694]talk handle 0000016C38633050 invalied
[2023-04-25T19:06:24.546 error Netsdk:58964 11308:12360 Generation2ProtocolSecureTransmit.cpp:661]Not find
[2023-04-25T19:06:24.583 info Netsdk:58964 11308:12360 dhnetsdk.cpp:2699]Leave CLIENT_StopTalkEx.ret:1.
[2023-04-25T19:06:32.659 info Netsdk:58964 11308:12360 dhnetsdk.cpp:2225]Enter CLIENT_SetDeviceMode. [lLoginID=946348224, emType=2. pValue=0000016C36E59D40]
[2023-04-25T19:06:32.659 info Netsdk:58964 11308:12360 dhnetsdk.cpp:2244]Leave CLIENT_SetDeviceMode. ret:1.
[2023-04-25T19:06:32.659 info Netsdk:58964 11308:12360 dhnetsdk.cpp:2225]Enter CLIENT_SetDeviceMode. [lLoginID=946348224, emType=7. pValue=0000016C37FEF220]
[2023-04-25T19:06:32.659 info Netsdk:58964 11308:12360 dhnetsdk.cpp:2244]Leave CLIENT_SetDeviceMode. ret:1.
[2023-04-25T19:06:32.660 info Netsdk:58964 11308:12360 dhnetsdk.cpp:2225]Enter CLIENT_SetDeviceMode. [lLoginID=946348224, emType=11. pValue=0000016C37C17BD0]
[2023-04-25T19:06:32.660 info Netsdk:58964 11308:12360 dhnetsdk.cpp:2244]Leave CLIENT_SetDeviceMode. ret:1.
[2023-04-25T19:06:32.660 info Netsdk:58964 11308:12360 dhnetsdk.cpp:2225]Enter CLIENT_SetDeviceMode. [lLoginID=946348224, emType=5. pValue=0000016C37C179F0]
[2023-04-25T19:06:32.660 info Netsdk:58964 11308:12360 dhnetsdk.cpp:2244]Leave CLIENT_SetDeviceMode. ret:1.
[2023-04-25T19:06:32.660 info Netsdk:58964 11308:12360 dhnetsdk.cpp:2288]Enter CLIENT_StartTalkEx. lLoginID:946348224, pfcb:0000016C3F350050. dwUser:0000000000000000
[2023-04-25T19:06:32.662 error Netsdk:58964 11308:12360 Generation2ProtocolSecureTransmit.cpp:661]Not find
[2023-04-25T19:06:32.662 info Netsdk:58964 11308:12360 DevConfigEx.cpp:11260]IN SetupSession PORT=0 and PORT: 37777
[2023-04-25T19:06:32.681 error Netsdk:58964 11308:12360 Generation2ProtocolSecureTransmit.cpp:661]Not find
[2023-04-25T19:06:32.681 info Netsdk:58964 11308:12360 dhnetsdk.cpp:2308]Leave CLIENT_StartTalkEx. ret:946024528.
[2023-04-25T19:06:32.681 info Netsdk:58964 11308:12360 dhnetsdk.cpp:2552]Enter CLIENT_RecordStart.
[2023-04-25T19:06:33.022 info Netsdk:58964 11308:12360 dhnetsdk.cpp:2556]Leave CLIENT_RecordStart. bRet:1.
[2023-04-25T19:06:38.446 info Netsdk:58964 11308:12360 dhnetsdk.cpp:2570]Enter CLIENT_RecordStop.
[2023-04-25T19:06:38.453 info Netsdk:58964 11308:12360 dhnetsdk.cpp:2574]Leave CLIENT_RecordStop. bRet:1.
[2023-04-25T19:06:38.453 info Netsdk:58964 11308:12360 dhnetsdk.cpp:2688]Enter CLIENT_StopTalkEx. lTalkHandle:946024528.
[2023-04-25T19:06:38.453 error Netsdk:58964 11308:12360 Talk.cpp:1694]talk handle 0000016C38633050 invalied
[2023-04-25T19:06:38.658 error Netsdk:58964 11308:12360 Generation2ProtocolSecureTransmit.cpp:661]Not find
[2023-04-25T19:06:38.685 info Netsdk:58964 11308:12360 dhnetsdk.cpp:2699]Leave CLIENT_StopTalkEx.ret:1.
[2023-04-25T19:06:43.096 info Netsdk:58964 11308:12360 dhnetsdk.cpp:1075]Enter CLIENT_Logout. lLoginID:946348224.
[2023-04-25T19:06:43.096 error Netsdk:58964 11308:12360 TPTCPClient.cpp:723]Device is not online, ip:192.168.1.108
[2023-04-25T19:06:43.096 info Netsdk:58964 11308:12360 dhnetsdk.cpp:1097]Leave CLIENT_Logout. ret:1
