Begin Time:2023-04-28T19:02:37.141
[2023-04-28T19:02:37.141 info Netsdk:58964 9988:7344 AVNetSDKMgr.cpp:504]Load avnetsdk library dynamically
[2023-04-28T19:02:37.145 info Netsdk:58964 9988:7344 AVNetSDKMgr.cpp:549]avnetsdk module handle: 00000200C3E50000

[2023-04-28T19:02:37.145 info Netsdk:58964 9988:7344 AVNetSDKMgr.cpp:823]Load configsdk dynamically
[2023-04-28T19:02:37.147 info Netsdk:58964 9988:7344 dhnetsdk.cpp:302]Enter CLIENT_SetAutoReconnect:[cbAutoConnect=00000200BE440050, dwUser=0000000000000000].
[2023-04-28T19:02:37.147 info Netsdk:58964 9988:7344 dhnetsdk.cpp:304]Leave CLIENT_SetAutoReconnect.
[2023-04-28T19:02:37.149 info Netsdk:58964 9988:7344 dhnetsdk.cpp:326]Enter CLIENT_SetConnectTime:[nWaitTime=5000, nTryTimes=1].
[2023-04-28T19:02:37.149 info Netsdk:58964 9988:7344 dhnetsdk.cpp:339]Leave CLIENT_SetConnectTime.
[2023-04-28T19:02:37.150 info Netsdk:58964 9988:7344 dhnetsdk.cpp:352]Enter CLIENT_SetNetworkParam:[nWaittime=0, nConnectTime=10000, nConnectTryNum=0, nSubConnectSpaceTime=0, nGetDevInfoTime=3000, nConnectBufSize=0, nGetConnInfoTime=3000, nSearchRecordTime=0, nsubDisconnetTime=0, byNetType=0, byPlaybackBufSize=0, bDetectDisconnTime=0, bKeepLifeInterval=0, nPicBufSize=0].
[2023-04-28T19:02:37.150 info Netsdk:58964 9988:7344 dhnetsdk.cpp:367]Leave CLIENT_SetNetworkParam.
[2023-04-28T19:02:37.153 info Netsdk:58964 9988:7344 dhnetsdk.cpp:991]Enter CLIENT_LoginWithHighLevelSecurity. pstInParam:00000200BE950810, pstOutParam:00000200BF7773B0.
[2023-04-28T19:02:37.153 info Netsdk:58964 9988:7344 dhnetsdk.cpp:1007]IP:192.168.1.108, port:37777, SpeCap:0, CapParam:0000000000000000, TLSCap:0
[2023-04-28T19:02:37.195 info Netsdk:58964 9988:7344 dhnetsdk.cpp:1054]Leave CLIENT_LoginWithHighLevelSecurity. error:0, login ID:-1032784288.
[2023-04-28T19:02:37.196 info Netsdk:58964 9988:7344 dhnetsdk.cpp:8441]Enter CLIENT_SetSnapRevCallBack. [OnSnapRevMessage=00000200BE440090, dwUser=0000000000000000.]
[2023-04-28T19:02:37.197 info Netsdk:58964 9988:7344 dhnetsdk.cpp:8444]Leave CLIENT_SetSnapRevCallBack.
[2023-04-28T19:02:37.197 info Netsdk:58964 9988:7344 dhnetsdk.cpp:8481]Enter CLIENT_SnapPictureEx. [lLoginID=-1032784288, par=00000200BDFE6F90, reserved=0000000000000000.]
[2023-04-28T19:02:37.198 info Netsdk:58964 9988:7344 dhnetsdk.cpp:8501]Leave CLIENT_SnapPictureEx. ret:1.
[2023-04-28T19:02:40.200 info Netsdk:58964 9988:7344 dhnetsdk.cpp:1075]Enter CLIENT_Logout. lLoginID:-1032784288.
[2023-04-28T19:02:40.200 error Netsdk:58964 9988:7344 TPTCPClient.cpp:723]Device is not online, ip:192.168.1.108
[2023-04-28T19:02:40.201 info Netsdk:58964 9988:7344 dhnetsdk.cpp:1097]Leave CLIENT_Logout. ret:1
