Begin Time:2023-04-28T14:47:28.057
[2023-04-28T14:47:28.057 info Netsdk:58964 1432:11496 AVNetSDKMgr.cpp:504]Load avnetsdk library dynamically
[2023-04-28T14:47:28.061 info Netsdk:58964 1432:11496 AVNetSDKMgr.cpp:549]avnetsdk module handle: 00000247F2500000

[2023-04-28T14:47:28.061 info Netsdk:58964 1432:11496 AVNetSDKMgr.cpp:823]Load configsdk dynamically
[2023-04-28T14:47:28.063 info Netsdk:58964 1432:11496 dhnetsdk.cpp:302]Enter CLIENT_SetAutoReconnect:[cbAutoConnect=00000247ECA10050, dwUser=0000000000000000].
[2023-04-28T14:47:28.063 info Netsdk:58964 1432:11496 dhnetsdk.cpp:304]Leave CLIENT_SetAutoReconnect.
[2023-04-28T14:47:28.073 info Netsdk:58964 1432:11496 dhnetsdk.cpp:326]Enter CLIENT_SetConnectTime:[nWaitTime=5000, nTryTimes=1].
[2023-04-28T14:47:28.073 info Netsdk:58964 1432:11496 dhnetsdk.cpp:339]Leave CLIENT_SetConnectTime.
[2023-04-28T14:47:28.075 info Netsdk:58964 1432:11496 dhnetsdk.cpp:352]Enter CLIENT_SetNetworkParam:[nWaittime=0, nConnectTime=10000, nConnectTryNum=0, nSubConnectSpaceTime=0, nGetDevInfoTime=3000, nConnectBufSize=0, nGetConnInfoTime=3000, nSearchRecordTime=0, nsubDisconnetTime=0, byNetType=0, byPlaybackBufSize=0, bDetectDisconnTime=0, bKeepLifeInterval=0, nPicBufSize=0].
[2023-04-28T14:47:28.075 info Netsdk:58964 1432:11496 dhnetsdk.cpp:367]Leave CLIENT_SetNetworkParam.
[2023-04-28T14:47:28.077 info Netsdk:58964 1432:11496 dhnetsdk.cpp:991]Enter CLIENT_LoginWithHighLevelSecurity. pstInParam:00000247EFCC6F60, pstOutParam:00000247EFCEC7F0.
[2023-04-28T14:47:28.077 info Netsdk:58964 1432:11496 dhnetsdk.cpp:1007]IP:192.168.1.108, port:37777, SpeCap:0, CapParam:0000000000000000, TLSCap:0
[2023-04-28T14:47:28.110 info Netsdk:58964 1432:11496 dhnetsdk.cpp:1054]Leave CLIENT_LoginWithHighLevelSecurity. error:0, login ID:-254609904.
[2023-04-28T14:47:28.112 info Netsdk:58964 1432:11496 dhnetsdk.cpp:8441]Enter CLIENT_SetSnapRevCallBack. [OnSnapRevMessage=00000247ECA10090, dwUser=0000000000000000.]
[2023-04-28T14:47:28.112 info Netsdk:58964 1432:11496 dhnetsdk.cpp:8444]Leave CLIENT_SetSnapRevCallBack.
[2023-04-28T14:47:28.114 info Netsdk:58964 1432:11496 dhnetsdk.cpp:8481]Enter CLIENT_SnapPictureEx. [lLoginID=-254609904, par=00000247ECFC8A70, reserved=0000000000000000.]
[2023-04-28T14:47:28.114 info Netsdk:58964 1432:11496 dhnetsdk.cpp:8501]Leave CLIENT_SnapPictureEx. ret:1.
[2023-04-28T14:47:31.119 info Netsdk:58964 1432:11496 dhnetsdk.cpp:1075]Enter CLIENT_Logout. lLoginID:-254609904.
[2023-04-28T14:47:31.120 error Netsdk:58964 1432:11496 TPTCPClient.cpp:723]Device is not online, ip:192.168.1.108
[2023-04-28T14:47:31.120 info Netsdk:58964 1432:11496 dhnetsdk.cpp:1097]Leave CLIENT_Logout. ret:1
