Begin Time:2023-07-06T21:33:43.480
[2023-07-06T21:33:43.480 info Netsdk:58964 18152:17684 AVNetSDKMgr.cpp:504]Load avnetsdk library dynamically
[2023-07-06T21:33:43.483 info Netsdk:58964 18152:17684 AVNetSDKMgr.cpp:549]avnetsdk module handle: 000001FBDA570000

[2023-07-06T21:33:43.483 info Netsdk:58964 18152:17684 AVNetSDKMgr.cpp:823]Load configsdk dynamically
[2023-07-06T21:33:43.485 info Netsdk:58964 18152:17684 dhnetsdk.cpp:302]Enter CLIENT_SetAutoReconnect:[cbAutoConnect=000001FBAFE30050, dwUser=0000000000000000].
[2023-07-06T21:33:43.485 info Netsdk:58964 18152:17684 dhnetsdk.cpp:304]Leave CLIENT_SetAutoReconnect.
[2023-07-06T21:33:43.485 info Netsdk:58964 18152:17684 dhnetsdk.cpp:326]Enter CLIENT_SetConnectTime:[nWaitTime=5000, nTryTimes=1].
[2023-07-06T21:33:43.485 info Netsdk:58964 18152:17684 dhnetsdk.cpp:339]Leave CLIENT_SetConnectTime.
[2023-07-06T21:33:43.486 info Netsdk:58964 18152:17684 dhnetsdk.cpp:352]Enter CLIENT_SetNetworkParam:[nWaittime=0, nConnectTime=10000, nConnectTryNum=0, nSubConnectSpaceTime=0, nGetDevInfoTime=3000, nConnectBufSize=0, nGetConnInfoTime=3000, nSearchRecordTime=0, nsubDisconnetTime=0, byNetType=0, byPlaybackBufSize=0, bDetectDisconnTime=0, bKeepLifeInterval=0, nPicBufSize=0].
[2023-07-06T21:33:43.487 info Netsdk:58964 18152:17684 dhnetsdk.cpp:367]Leave CLIENT_SetNetworkParam.
[2023-07-06T21:33:43.488 info Netsdk:58964 18152:17684 dhnetsdk.cpp:991]Enter CLIENT_LoginWithHighLevelSecurity. pstInParam:000001FBD7BFDD60, pstOutParam:000001FBD51751D0.
[2023-07-06T21:33:43.488 info Netsdk:58964 18152:17684 dhnetsdk.cpp:1007]IP:192.168.1.108, port:37777, SpeCap:0, CapParam:0000000000000000, TLSCap:0
[2023-07-06T21:33:53.489 error Netsdk:58964 18152:17684 TPTCPClient.cpp:522]Connect host failed, ip:192.168.1.108
[2023-07-06T21:33:53.489 error Netsdk:58964 18152:17684 dhdevprob.cpp:3242]Login failed, Failed to create main connection
[2023-07-06T21:33:53.489 error Netsdk:58964 18152:17684 Manager.cpp:11144]device is NULL
[2023-07-06T21:33:53.489 error Netsdk:58964 18152:17684 Manager.cpp:11245]Login device failed, errorcode:9!
[2023-07-06T21:33:53.489 error Netsdk:58964 18152:17684 dhnetsdk.cpp:1050]Login failed, ip:192.168.1.108, port:37777, specCap:0!
[2023-07-06T21:33:53.489 info Netsdk:58964 18152:17684 dhnetsdk.cpp:1054]Leave CLIENT_LoginWithHighLevelSecurity. error:9, login ID:0.
[2023-07-06T21:33:53.489 info Netsdk:58964 18152:17684 dhnetsdk.cpp:7929]Enter CLIENT_GetLastError.
[2023-07-06T21:33:53.489 info Netsdk:58964 18152:17684 dhnetsdk.cpp:7932]Leave CLIENT_GetLastError.[Error code=8000006b.]
[2023-07-06T21:33:53.489 info Netsdk:58964 18152:17684 dhnetsdk.cpp:7929]Enter CLIENT_GetLastError.
[2023-07-06T21:33:53.489 info Netsdk:58964 18152:17684 dhnetsdk.cpp:7932]Leave CLIENT_GetLastError.[Error code=8000006b.]
[2023-07-06T21:33:53.496 info Netsdk:58964 18152:17684 dhnetsdk.cpp:8441]Enter CLIENT_SetSnapRevCallBack. [OnSnapRevMessage=000001FBAFE30090, dwUser=0000000000000000.]
[2023-07-06T21:33:53.496 info Netsdk:58964 18152:17684 dhnetsdk.cpp:8444]Leave CLIENT_SetSnapRevCallBack.
[2023-07-06T21:33:53.496 info Netsdk:58964 18152:17684 dhnetsdk.cpp:8481]Enter CLIENT_SnapPictureEx. [lLoginID=0, par=000001FBD7700370, reserved=0000000000000000.]
[2023-07-06T21:33:53.496 error Netsdk:58964 18152:17684 dhnetsdk.cpp:8493]Invalid login handle:0000000000000000
[2023-07-06T21:33:53.496 info Netsdk:58964 18152:17684 dhnetsdk.cpp:7929]Enter CLIENT_GetLastError.
[2023-07-06T21:33:53.496 info Netsdk:58964 18152:17684 dhnetsdk.cpp:7932]Leave CLIENT_GetLastError.[Error code=80000004.]
[2023-07-06T21:34:29.803 info Netsdk:58964 18152:17172 dhnetsdk.cpp:245]Enter CLIENT_InitEx:[cbDisConnect=000001FBAFE30010, dwUser=0000000000000000, lpInitParam=0000000000000000].
[2023-07-06T21:34:29.803 info Netsdk:58964 18152:17172 AVNetSDKMgr.cpp:736]Test avnetsdk module handle: 000001FBDA570000

[2023-07-06T21:34:29.803 info Netsdk:58964 18152:17172 dhnetsdk.cpp:268]Leave CLIENT_InitEx.
[2023-07-06T21:34:29.803 info Netsdk:58964 18152:17172 Manager.cpp:16725]-------------------Log file reset, log number:10-log size:10240------------------
