Begin Time:2023-07-06T10:00:39.429
[2023-07-06T10:00:39.430 info Netsdk:58964 5928:11928 AVNetSDKMgr.cpp:504]Load avnetsdk library dynamically
[2023-07-06T10:00:39.432 info Netsdk:58964 5928:11928 AVNetSDKMgr.cpp:549]avnetsdk module handle: 000002670D3E0000

[2023-07-06T10:00:39.432 info Netsdk:58964 5928:11928 AVNetSDKMgr.cpp:823]Load configsdk dynamically
[2023-07-06T10:00:39.433 info Netsdk:58964 5928:11928 dhnetsdk.cpp:302]Enter CLIENT_SetAutoReconnect:[cbAutoConnect=000002670C180050, dwUser=0000000000000000].
[2023-07-06T10:00:39.433 info Netsdk:58964 5928:11928 dhnetsdk.cpp:304]Leave CLIENT_SetAutoReconnect.
[2023-07-06T10:00:39.434 info Netsdk:58964 5928:11928 dhnetsdk.cpp:326]Enter CLIENT_SetConnectTime:[nWaitTime=5000, nTryTimes=1].
[2023-07-06T10:00:39.434 info Netsdk:58964 5928:11928 dhnetsdk.cpp:339]Leave CLIENT_SetConnectTime.
[2023-07-06T10:00:39.435 info Netsdk:58964 5928:11928 dhnetsdk.cpp:352]Enter CLIENT_SetNetworkParam:[nWaittime=0, nConnectTime=10000, nConnectTryNum=0, nSubConnectSpaceTime=0, nGetDevInfoTime=3000, nConnectBufSize=0, nGetConnInfoTime=3000, nSearchRecordTime=0, nsubDisconnetTime=0, byNetType=0, byPlaybackBufSize=0, bDetectDisconnTime=0, bKeepLifeInterval=0, nPicBufSize=0].
[2023-07-06T10:00:39.435 info Netsdk:58964 5928:11928 dhnetsdk.cpp:367]Leave CLIENT_SetNetworkParam.
[2023-07-06T10:00:39.437 info Netsdk:58964 5928:11928 dhnetsdk.cpp:991]Enter CLIENT_LoginWithHighLevelSecurity. pstInParam:000002670A82BFA0, pstOutParam:000002670A572960.
[2023-07-06T10:00:39.437 info Netsdk:58964 5928:11928 dhnetsdk.cpp:1007]IP:10.246.105.181, port:37777, SpeCap:0, CapParam:0000000000000000, TLSCap:0
[2023-07-06T10:00:49.438 error Netsdk:58964 5928:11928 TPTCPClient.cpp:522]Connect host failed, ip:10.246.105.181
[2023-07-06T10:00:49.438 error Netsdk:58964 5928:11928 dhdevprob.cpp:3242]Login failed, Failed to create main connection
[2023-07-06T10:00:49.438 error Netsdk:58964 5928:11928 Manager.cpp:11144]device is NULL
[2023-07-06T10:00:49.438 error Netsdk:58964 5928:11928 Manager.cpp:11245]Login device failed, errorcode:9!
[2023-07-06T10:00:49.439 error Netsdk:58964 5928:11928 dhnetsdk.cpp:1050]Login failed, ip:10.246.105.181, port:37777, specCap:0!
[2023-07-06T10:00:49.439 info Netsdk:58964 5928:11928 dhnetsdk.cpp:1054]Leave CLIENT_LoginWithHighLevelSecurity. error:9, login ID:0.
[2023-07-06T10:00:49.440 info Netsdk:58964 5928:11928 dhnetsdk.cpp:7929]Enter CLIENT_GetLastError.
[2023-07-06T10:00:49.440 info Netsdk:58964 5928:11928 dhnetsdk.cpp:7932]Leave CLIENT_GetLastError.[Error code=8000006b.]
[2023-07-06T10:00:49.440 info Netsdk:58964 5928:11928 dhnetsdk.cpp:7929]Enter CLIENT_GetLastError.
[2023-07-06T10:00:49.440 info Netsdk:58964 5928:11928 dhnetsdk.cpp:7932]Leave CLIENT_GetLastError.[Error code=8000006b.]
[2023-07-06T10:00:49.509 info Netsdk:58964 5928:11928 dhnetsdk.cpp:8441]Enter CLIENT_SetSnapRevCallBack. [OnSnapRevMessage=000002670C180090, dwUser=0000000000000000.]
[2023-07-06T10:00:49.509 info Netsdk:58964 5928:11928 dhnetsdk.cpp:8444]Leave CLIENT_SetSnapRevCallBack.
[2023-07-06T10:00:49.510 info Netsdk:58964 5928:11928 dhnetsdk.cpp:8481]Enter CLIENT_SnapPictureEx. [lLoginID=0, par=000002670AAFFF80, reserved=0000000000000000.]
[2023-07-06T10:00:49.510 error Netsdk:58964 5928:11928 dhnetsdk.cpp:8493]Invalid login handle:0000000000000000
[2023-07-06T10:00:49.510 info Netsdk:58964 5928:11928 dhnetsdk.cpp:7929]Enter CLIENT_GetLastError.
[2023-07-06T10:00:49.510 info Netsdk:58964 5928:11928 dhnetsdk.cpp:7932]Leave CLIENT_GetLastError.[Error code=80000004.]
