Begin Time:2023-04-28T13:49:09.318
[2023-04-28T13:49:09.318 info Netsdk:58964 1788:10732 AVNetSDKMgr.cpp:504]Load avnetsdk library dynamically
[2023-04-28T13:49:09.323 info Netsdk:58964 1788:10732 AVNetSDKMgr.cpp:549]avnetsdk module handle: 000002150CE30000

[2023-04-28T13:49:09.323 info Netsdk:58964 1788:10732 AVNetSDKMgr.cpp:823]Load configsdk dynamically
[2023-04-28T13:49:09.325 info Netsdk:58964 1788:10732 dhnetsdk.cpp:302]Enter CLIENT_SetAutoReconnect:[cbAutoConnect=000002150B660050, dwUser=0000000000000000].
[2023-04-28T13:49:09.325 info Netsdk:58964 1788:10732 dhnetsdk.cpp:304]Leave CLIENT_SetAutoReconnect.
[2023-04-28T13:49:09.325 info Netsdk:58964 1788:10732 dhnetsdk.cpp:326]Enter CLIENT_SetConnectTime:[nWaitTime=5000, nTryTimes=1].
[2023-04-28T13:49:09.325 info Netsdk:58964 1788:10732 dhnetsdk.cpp:339]Leave CLIENT_SetConnectTime.
[2023-04-28T13:49:09.326 info Netsdk:58964 1788:10732 dhnetsdk.cpp:352]Enter CLIENT_SetNetworkParam:[nWaittime=0, nConnectTime=10000, nConnectTryNum=0, nSubConnectSpaceTime=0, nGetDevInfoTime=3000, nConnectBufSize=0, nGetConnInfoTime=3000, nSearchRecordTime=0, nsubDisconnetTime=0, byNetType=0, byPlaybackBufSize=0, bDetectDisconnTime=0, bKeepLifeInterval=0, nPicBufSize=0].
[2023-04-28T13:49:09.326 info Netsdk:58964 1788:10732 dhnetsdk.cpp:367]Leave CLIENT_SetNetworkParam.
[2023-04-28T13:49:09.327 info Netsdk:58964 1788:10732 dhnetsdk.cpp:991]Enter CLIENT_LoginWithHighLevelSecurity. pstInParam:000002157F62A830, pstOutParam:000002150A8CF890.
[2023-04-28T13:49:09.327 info Netsdk:58964 1788:10732 dhnetsdk.cpp:1007]IP:192.168.1.108, port:37777, SpeCap:0, CapParam:0000000000000000, TLSCap:0
[2023-04-28T13:49:09.349 info Netsdk:58964 1788:10732 dhnetsdk.cpp:1054]Leave CLIENT_LoginWithHighLevelSecurity. error:0, login ID:191100176.
[2023-04-28T13:49:09.350 info Netsdk:58964 1788:10732 dhnetsdk.cpp:8441]Enter CLIENT_SetSnapRevCallBack. [OnSnapRevMessage=000002150B660090, dwUser=0000000000000000.]
[2023-04-28T13:49:09.350 info Netsdk:58964 1788:10732 dhnetsdk.cpp:8444]Leave CLIENT_SetSnapRevCallBack.
[2023-04-28T13:49:09.351 info Netsdk:58964 1788:10732 dhnetsdk.cpp:8481]Enter CLIENT_SnapPictureEx. [lLoginID=191100176, par=000002150A80E4D0, reserved=0000000000000000.]
[2023-04-28T13:49:09.352 info Netsdk:58964 1788:10732 dhnetsdk.cpp:8501]Leave CLIENT_SnapPictureEx. ret:1.
[2023-04-28T13:49:12.352 info Netsdk:58964 1788:10732 dhnetsdk.cpp:1075]Enter CLIENT_Logout. lLoginID:191100176.
[2023-04-28T13:49:12.352 error Netsdk:58964 1788:10732 TPTCPClient.cpp:723]Device is not online, ip:192.168.1.108
[2023-04-28T13:49:12.352 info Netsdk:58964 1788:10732 dhnetsdk.cpp:1097]Leave CLIENT_Logout. ret:1
