Begin Time:2023-04-29T10:54:16.081
[2023-04-29T10:54:16.081 info Netsdk:58964 9232:1752 AVNetSDKMgr.cpp:504]Load avnetsdk library dynamically
[2023-04-29T10:54:16.085 info Netsdk:58964 9232:1752 AVNetSDKMgr.cpp:549]avnetsdk module handle: 0000021A2B960000

[2023-04-29T10:54:16.085 info Netsdk:58964 9232:1752 AVNetSDKMgr.cpp:823]Load configsdk dynamically
[2023-04-29T10:54:16.087 info Netsdk:58964 9232:1752 dhnetsdk.cpp:302]Enter CLIENT_SetAutoReconnect:[cbAutoConnect=0000021A25EA0050, dwUser=0000000000000000].
[2023-04-29T10:54:16.087 info Netsdk:58964 9232:1752 dhnetsdk.cpp:304]Leave CLIENT_SetAutoReconnect.
[2023-04-29T10:54:16.089 info Netsdk:58964 9232:1752 dhnetsdk.cpp:326]Enter CLIENT_SetConnectTime:[nWaitTime=5000, nTryTimes=1].
[2023-04-29T10:54:16.089 info Netsdk:58964 9232:1752 dhnetsdk.cpp:339]Leave CLIENT_SetConnectTime.
[2023-04-29T10:54:16.089 info Netsdk:58964 9232:1752 dhnetsdk.cpp:352]Enter CLIENT_SetNetworkParam:[nWaittime=0, nConnectTime=10000, nConnectTryNum=0, nSubConnectSpaceTime=0, nGetDevInfoTime=3000, nConnectBufSize=0, nGetConnInfoTime=3000, nSearchRecordTime=0, nsubDisconnetTime=0, byNetType=0, byPlaybackBufSize=0, bDetectDisconnTime=0, bKeepLifeInterval=0, nPicBufSize=0].
[2023-04-29T10:54:16.089 info Netsdk:58964 9232:1752 dhnetsdk.cpp:367]Leave CLIENT_SetNetworkParam.
[2023-04-29T10:54:16.091 info Netsdk:58964 9232:1752 dhnetsdk.cpp:991]Enter CLIENT_LoginWithHighLevelSecurity. pstInParam:0000021A2664F920, pstOutParam:0000021A28D359E0.
[2023-04-29T10:54:16.091 info Netsdk:58964 9232:1752 dhnetsdk.cpp:1007]IP:192.168.1.108, port:37777, SpeCap:0, CapParam:0000000000000000, TLSCap:0
[2023-04-29T10:54:16.140 info Netsdk:58964 9232:1752 dhnetsdk.cpp:1054]Leave CLIENT_LoginWithHighLevelSecurity. error:0, login ID:705885712.
[2023-04-29T10:54:16.141 info Netsdk:58964 9232:1752 dhnetsdk.cpp:8441]Enter CLIENT_SetSnapRevCallBack. [OnSnapRevMessage=0000021A25EA0090, dwUser=0000000000000000.]
[2023-04-29T10:54:16.141 info Netsdk:58964 9232:1752 dhnetsdk.cpp:8444]Leave CLIENT_SetSnapRevCallBack.
[2023-04-29T10:54:16.143 info Netsdk:58964 9232:1752 dhnetsdk.cpp:8481]Enter CLIENT_SnapPictureEx. [lLoginID=705885712, par=0000021A292F7870, reserved=0000000000000000.]
[2023-04-29T10:54:16.143 info Netsdk:58964 9232:1752 dhnetsdk.cpp:8501]Leave CLIENT_SnapPictureEx. ret:1.
[2023-04-29T10:54:19.154 info Netsdk:58964 9232:1752 dhnetsdk.cpp:1075]Enter CLIENT_Logout. lLoginID:705885712.
[2023-04-29T10:54:19.154 error Netsdk:58964 9232:1752 TPTCPClient.cpp:723]Device is not online, ip:192.168.1.108
[2023-04-29T10:54:19.154 info Netsdk:58964 9232:1752 dhnetsdk.cpp:1097]Leave CLIENT_Logout. ret:1
