Begin Time:2023-04-28T19:01:27.287
[2023-04-28T19:01:27.288 info Netsdk:58964 8956:2496 AVNetSDKMgr.cpp:504]Load avnetsdk library dynamically
[2023-04-28T19:01:27.292 info Netsdk:58964 8956:2496 AVNetSDKMgr.cpp:549]avnetsdk module handle: 0000023826230000

[2023-04-28T19:01:27.292 info Netsdk:58964 8956:2496 AVNetSDKMgr.cpp:823]Load configsdk dynamically
[2023-04-28T19:01:27.294 info Netsdk:58964 8956:2496 dhnetsdk.cpp:302]Enter CLIENT_SetAutoReconnect:[cbAutoConnect=0000023820800050, dwUser=0000000000000000].
[2023-04-28T19:01:27.294 info Netsdk:58964 8956:2496 dhnetsdk.cpp:304]Leave CLIENT_SetAutoReconnect.
[2023-04-28T19:01:27.296 info Netsdk:58964 8956:2496 dhnetsdk.cpp:326]Enter CLIENT_SetConnectTime:[nWaitTime=5000, nTryTimes=1].
[2023-04-28T19:01:27.296 info Netsdk:58964 8956:2496 dhnetsdk.cpp:339]Leave CLIENT_SetConnectTime.
[2023-04-28T19:01:27.296 info Netsdk:58964 8956:2496 dhnetsdk.cpp:352]Enter CLIENT_SetNetworkParam:[nWaittime=0, nConnectTime=10000, nConnectTryNum=0, nSubConnectSpaceTime=0, nGetDevInfoTime=3000, nConnectBufSize=0, nGetConnInfoTime=3000, nSearchRecordTime=0, nsubDisconnetTime=0, byNetType=0, byPlaybackBufSize=0, bDetectDisconnTime=0, bKeepLifeInterval=0, nPicBufSize=0].
[2023-04-28T19:01:27.296 info Netsdk:58964 8956:2496 dhnetsdk.cpp:367]Leave CLIENT_SetNetworkParam.
[2023-04-28T19:01:27.298 info Netsdk:58964 8956:2496 dhnetsdk.cpp:991]Enter CLIENT_LoginWithHighLevelSecurity. pstInParam:000002382394FCD0, pstOutParam:0000023823C39DC0.
[2023-04-28T19:01:27.298 info Netsdk:58964 8956:2496 dhnetsdk.cpp:1007]IP:192.168.1.108, port:37777, SpeCap:0, CapParam:0000000000000000, TLSCap:0
[2023-04-28T19:01:27.347 info Netsdk:58964 8956:2496 dhnetsdk.cpp:1054]Leave CLIENT_LoginWithHighLevelSecurity. error:0, login ID:614593328.
[2023-04-28T19:01:27.349 info Netsdk:58964 8956:2496 dhnetsdk.cpp:8441]Enter CLIENT_SetSnapRevCallBack. [OnSnapRevMessage=0000023820800090, dwUser=0000000000000000.]
[2023-04-28T19:01:27.349 info Netsdk:58964 8956:2496 dhnetsdk.cpp:8444]Leave CLIENT_SetSnapRevCallBack.
[2023-04-28T19:01:27.350 info Netsdk:58964 8956:2496 dhnetsdk.cpp:8481]Enter CLIENT_SnapPictureEx. [lLoginID=614593328, par=00000238238024B0, reserved=0000000000000000.]
[2023-04-28T19:01:27.351 info Netsdk:58964 8956:2496 dhnetsdk.cpp:8501]Leave CLIENT_SnapPictureEx. ret:1.
[2023-04-28T19:01:30.359 info Netsdk:58964 8956:2496 dhnetsdk.cpp:1075]Enter CLIENT_Logout. lLoginID:614593328.
[2023-04-28T19:01:30.359 error Netsdk:58964 8956:2496 TPTCPClient.cpp:723]Device is not online, ip:192.168.1.108
[2023-04-28T19:01:30.360 info Netsdk:58964 8956:2496 dhnetsdk.cpp:1097]Leave CLIENT_Logout. ret:1
