Begin Time:2023-04-29T10:49:27.692
[2023-04-29T10:49:27.692 info Netsdk:58964 3764:12816 AVNetSDKMgr.cpp:504]Load avnetsdk library dynamically
[2023-04-29T10:49:27.698 info Netsdk:58964 3764:12816 AVNetSDKMgr.cpp:549]avnetsdk module handle: 0000027922360000

[2023-04-29T10:49:27.698 info Netsdk:58964 3764:12816 AVNetSDKMgr.cpp:823]Load configsdk dynamically
[2023-04-29T10:49:27.700 info Netsdk:58964 3764:12816 dhnetsdk.cpp:302]Enter CLIENT_SetAutoReconnect:[cbAutoConnect=000002791C8A0050, dwUser=0000000000000000].
[2023-04-29T10:49:27.701 info Netsdk:58964 3764:12816 dhnetsdk.cpp:304]Leave CLIENT_SetAutoReconnect.
[2023-04-29T10:49:27.703 info Netsdk:58964 3764:12816 dhnetsdk.cpp:326]Enter CLIENT_SetConnectTime:[nWaitTime=5000, nTryTimes=1].
[2023-04-29T10:49:27.703 info Netsdk:58964 3764:12816 dhnetsdk.cpp:339]Leave CLIENT_SetConnectTime.
[2023-04-29T10:49:27.704 info Netsdk:58964 3764:12816 dhnetsdk.cpp:352]Enter CLIENT_SetNetworkParam:[nWaittime=0, nConnectTime=10000, nConnectTryNum=0, nSubConnectSpaceTime=0, nGetDevInfoTime=3000, nConnectBufSize=0, nGetConnInfoTime=3000, nSearchRecordTime=0, nsubDisconnetTime=0, byNetType=0, byPlaybackBufSize=0, bDetectDisconnTime=0, bKeepLifeInterval=0, nPicBufSize=0].
[2023-04-29T10:49:27.704 info Netsdk:58964 3764:12816 dhnetsdk.cpp:367]Leave CLIENT_SetNetworkParam.
[2023-04-29T10:49:27.706 info Netsdk:58964 3764:12816 dhnetsdk.cpp:991]Enter CLIENT_LoginWithHighLevelSecurity. pstInParam:000002791C67C160, pstOutParam:000002791F65E550.
[2023-04-29T10:49:27.706 info Netsdk:58964 3764:12816 dhnetsdk.cpp:1007]IP:192.168.1.108, port:37777, SpeCap:0, CapParam:0000000000000000, TLSCap:0
[2023-04-29T10:49:27.752 info Netsdk:58964 3764:12816 dhnetsdk.cpp:1054]Leave CLIENT_LoginWithHighLevelSecurity. error:0, login ID:548992528.
[2023-04-29T10:49:27.754 info Netsdk:58964 3764:12816 dhnetsdk.cpp:8441]Enter CLIENT_SetSnapRevCallBack. [OnSnapRevMessage=000002791C8A0090, dwUser=0000000000000000.]
[2023-04-29T10:49:27.754 info Netsdk:58964 3764:12816 dhnetsdk.cpp:8444]Leave CLIENT_SetSnapRevCallBack.
[2023-04-29T10:49:27.755 info Netsdk:58964 3764:12816 dhnetsdk.cpp:8481]Enter CLIENT_SnapPictureEx. [lLoginID=548992528, par=000002791FCA3750, reserved=0000000000000000.]
[2023-04-29T10:49:27.756 info Netsdk:58964 3764:12816 dhnetsdk.cpp:8501]Leave CLIENT_SnapPictureEx. ret:1.
[2023-04-29T10:49:30.769 info Netsdk:58964 3764:12816 dhnetsdk.cpp:1075]Enter CLIENT_Logout. lLoginID:548992528.
[2023-04-29T10:49:30.769 error Netsdk:58964 3764:12816 TPTCPClient.cpp:723]Device is not online, ip:192.168.1.108
[2023-04-29T10:49:30.770 info Netsdk:58964 3764:12816 dhnetsdk.cpp:1097]Leave CLIENT_Logout. ret:1
