Begin Time:2023-07-06T21:39:09.707
[2023-07-06T21:39:09.707 info Netsdk:58964 7172:10340 AVNetSDKMgr.cpp:504]Load avnetsdk library dynamically
[2023-07-06T21:39:09.709 info Netsdk:58964 7172:10340 AVNetSDKMgr.cpp:549]avnetsdk module handle: 000001435E460000

[2023-07-06T21:39:09.709 info Netsdk:58964 7172:10340 AVNetSDKMgr.cpp:823]Load configsdk dynamically
[2023-07-06T21:39:09.711 info Netsdk:58964 7172:10340 dhnetsdk.cpp:302]Enter CLIENT_SetAutoReconnect:[cbAutoConnect=000001435CAC0050, dwUser=0000000000000000].
[2023-07-06T21:39:09.711 info Netsdk:58964 7172:10340 dhnetsdk.cpp:304]Leave CLIENT_SetAutoReconnect.
[2023-07-06T21:39:09.711 info Netsdk:58964 7172:10340 dhnetsdk.cpp:326]Enter CLIENT_SetConnectTime:[nWaitTime=5000, nTryTimes=1].
[2023-07-06T21:39:09.711 info Netsdk:58964 7172:10340 dhnetsdk.cpp:339]Leave CLIENT_SetConnectTime.
[2023-07-06T21:39:09.712 info Netsdk:58964 7172:10340 dhnetsdk.cpp:352]Enter CLIENT_SetNetworkParam:[nWaittime=0, nConnectTime=10000, nConnectTryNum=0, nSubConnectSpaceTime=0, nGetDevInfoTime=3000, nConnectBufSize=0, nGetConnInfoTime=3000, nSearchRecordTime=0, nsubDisconnetTime=0, byNetType=0, byPlaybackBufSize=0, bDetectDisconnTime=0, bKeepLifeInterval=0, nPicBufSize=0].
[2023-07-06T21:39:09.712 info Netsdk:58964 7172:10340 dhnetsdk.cpp:367]Leave CLIENT_SetNetworkParam.
[2023-07-06T21:39:09.713 info Netsdk:58964 7172:10340 dhnetsdk.cpp:991]Enter CLIENT_LoginWithHighLevelSecurity. pstInParam:0000014359553920, pstOutParam:000001435B6F3960.
[2023-07-06T21:39:09.713 info Netsdk:58964 7172:10340 dhnetsdk.cpp:1007]IP:10.246.105.181, port:37777, SpeCap:0, CapParam:0000000000000000, TLSCap:0
[2023-07-06T21:39:09.745 info Netsdk:58964 7172:10340 dhnetsdk.cpp:1054]Leave CLIENT_LoginWithHighLevelSecurity. error:0, login ID:1554444368.
[2023-07-06T21:39:09.745 info Netsdk:58964 7172:10340 dhnetsdk.cpp:8441]Enter CLIENT_SetSnapRevCallBack. [OnSnapRevMessage=000001435CAC0090, dwUser=0000000000000000.]
[2023-07-06T21:39:09.745 info Netsdk:58964 7172:10340 dhnetsdk.cpp:8444]Leave CLIENT_SetSnapRevCallBack.
[2023-07-06T21:39:09.745 info Netsdk:58964 7172:10340 dhnetsdk.cpp:8481]Enter CLIENT_SnapPictureEx. [lLoginID=1554444368, par=00000143595BBF20, reserved=0000000000000000.]
[2023-07-06T21:39:09.746 info Netsdk:58964 7172:10340 dhnetsdk.cpp:8501]Leave CLIENT_SnapPictureEx. ret:1.
[2023-07-06T21:39:12.747 info Netsdk:58964 7172:10340 dhnetsdk.cpp:1075]Enter CLIENT_Logout. lLoginID:1554444368.
[2023-07-06T21:39:12.747 error Netsdk:58964 7172:10340 TPTCPClient.cpp:723]Device is not online, ip:10.246.105.181
[2023-07-06T21:39:12.747 info Netsdk:58964 7172:10340 dhnetsdk.cpp:1097]Leave CLIENT_Logout. ret:1
