Begin Time:2023-04-28T19:00:23.925
[2023-04-28T19:00:23.925 info Netsdk:58964 2296:16112 AVNetSDKMgr.cpp:504]Load avnetsdk library dynamically
[2023-04-28T19:00:23.929 info Netsdk:58964 2296:16112 AVNetSDKMgr.cpp:549]avnetsdk module handle: 000001F9A0CC0000

[2023-04-28T19:00:23.929 info Netsdk:58964 2296:16112 AVNetSDKMgr.cpp:823]Load configsdk dynamically
[2023-04-28T19:00:23.931 info Netsdk:58964 2296:16112 dhnetsdk.cpp:302]Enter CLIENT_SetAutoReconnect:[cbAutoConnect=000001F99F550050, dwUser=0000000000000000].
[2023-04-28T19:00:23.931 info Netsdk:58964 2296:16112 dhnetsdk.cpp:304]Leave CLIENT_SetAutoReconnect.
[2023-04-28T19:00:23.931 info Netsdk:58964 2296:16112 dhnetsdk.cpp:326]Enter CLIENT_SetConnectTime:[nWaitTime=5000, nTryTimes=1].
[2023-04-28T19:00:23.932 info Netsdk:58964 2296:16112 dhnetsdk.cpp:339]Leave CLIENT_SetConnectTime.
[2023-04-28T19:00:23.932 info Netsdk:58964 2296:16112 dhnetsdk.cpp:352]Enter CLIENT_SetNetworkParam:[nWaittime=0, nConnectTime=10000, nConnectTryNum=0, nSubConnectSpaceTime=0, nGetDevInfoTime=3000, nConnectBufSize=0, nGetConnInfoTime=3000, nSearchRecordTime=0, nsubDisconnetTime=0, byNetType=0, byPlaybackBufSize=0, bDetectDisconnTime=0, bKeepLifeInterval=0, nPicBufSize=0].
[2023-04-28T19:00:23.932 info Netsdk:58964 2296:16112 dhnetsdk.cpp:367]Leave CLIENT_SetNetworkParam.
[2023-04-28T19:00:23.934 info Netsdk:58964 2296:16112 dhnetsdk.cpp:991]Enter CLIENT_LoginWithHighLevelSecurity. pstInParam:000001F99E179930, pstOutParam:000001F99E4F7040.
[2023-04-28T19:00:23.934 info Netsdk:58964 2296:16112 dhnetsdk.cpp:1007]IP:192.168.1.108, port:37777, SpeCap:0, CapParam:0000000000000000, TLSCap:0
[2023-04-28T19:00:23.962 info Netsdk:58964 2296:16112 dhnetsdk.cpp:1054]Leave CLIENT_LoginWithHighLevelSecurity. error:0, login ID:-1622215072.
[2023-04-28T19:00:23.963 info Netsdk:58964 2296:16112 dhnetsdk.cpp:8441]Enter CLIENT_SetSnapRevCallBack. [OnSnapRevMessage=000001F99F550090, dwUser=0000000000000000.]
[2023-04-28T19:00:23.964 info Netsdk:58964 2296:16112 dhnetsdk.cpp:8444]Leave CLIENT_SetSnapRevCallBack.
[2023-04-28T19:00:23.965 info Netsdk:58964 2296:16112 dhnetsdk.cpp:8481]Enter CLIENT_SnapPictureEx. [lLoginID=-1622215072, par=000001F99C549AC0, reserved=0000000000000000.]
[2023-04-28T19:00:23.965 info Netsdk:58964 2296:16112 dhnetsdk.cpp:8501]Leave CLIENT_SnapPictureEx. ret:1.
[2023-04-28T19:00:26.970 info Netsdk:58964 2296:16112 dhnetsdk.cpp:1075]Enter CLIENT_Logout. lLoginID:-1622215072.
[2023-04-28T19:00:26.970 error Netsdk:58964 2296:16112 TPTCPClient.cpp:723]Device is not online, ip:192.168.1.108
[2023-04-28T19:00:26.970 info Netsdk:58964 2296:16112 dhnetsdk.cpp:1097]Leave CLIENT_Logout. ret:1
