Begin Time:2023-09-03T10:07:42.939
[2023-09-03T10:07:42.939 info Netsdk:58964 18120:4404 AVNetSDKMgr.cpp:504]Load avnetsdk library dynamically
[2023-09-03T10:07:42.945 info Netsdk:58964 18120:4404 AVNetSDKMgr.cpp:549]avnetsdk module handle: 00000269C2340000

[2023-09-03T10:07:42.945 info Netsdk:58964 18120:4404 AVNetSDKMgr.cpp:823]Load configsdk dynamically
[2023-09-03T10:07:42.949 info Netsdk:58964 18120:4404 dhnetsdk.cpp:302]Enter CLIENT_SetAutoReconnect:[cbAutoConnect=00000269C04C0050, dwUser=0000000000000000].
[2023-09-03T10:07:42.949 info Netsdk:58964 18120:4404 dhnetsdk.cpp:304]Leave CLIENT_SetAutoReconnect.
[2023-09-03T10:07:42.949 info Netsdk:58964 18120:4404 dhnetsdk.cpp:326]Enter CLIENT_SetConnectTime:[nWaitTime=5000, nTryTimes=1].
[2023-09-03T10:07:42.949 info Netsdk:58964 18120:4404 dhnetsdk.cpp:339]Leave CLIENT_SetConnectTime.
[2023-09-03T10:07:42.951 info Netsdk:58964 18120:4404 dhnetsdk.cpp:352]Enter CLIENT_SetNetworkParam:[nWaittime=0, nConnectTime=10000, nConnectTryNum=0, nSubConnectSpaceTime=0, nGetDevInfoTime=3000, nConnectBufSize=0, nGetConnInfoTime=3000, nSearchRecordTime=0, nsubDisconnetTime=0, byNetType=0, byPlaybackBufSize=0, bDetectDisconnTime=0, bKeepLifeInterval=0, nPicBufSize=0].
[2023-09-03T10:07:42.951 info Netsdk:58964 18120:4404 dhnetsdk.cpp:367]Leave CLIENT_SetNetworkParam.
[2023-09-03T10:07:42.953 info Netsdk:58964 18120:4404 dhnetsdk.cpp:991]Enter CLIENT_LoginWithHighLevelSecurity. pstInParam:00000269BF672EF0, pstOutParam:00000269BF4AD3B0.
[2023-09-03T10:07:42.953 info Netsdk:58964 18120:4404 dhnetsdk.cpp:1007]IP:192.168.18.168, port:37777, SpeCap:0, CapParam:0000000000000000, TLSCap:0
[2023-09-03T10:07:43.004 info Netsdk:58964 18120:4404 dhnetsdk.cpp:1054]Leave CLIENT_LoginWithHighLevelSecurity. error:0, login ID:-1067454032.
[2023-09-03T10:07:43.006 info Netsdk:58964 18120:4404 dhnetsdk.cpp:8441]Enter CLIENT_SetSnapRevCallBack. [OnSnapRevMessage=00000269C04C0090, dwUser=0000000000000000.]
[2023-09-03T10:07:43.006 info Netsdk:58964 18120:4404 dhnetsdk.cpp:8444]Leave CLIENT_SetSnapRevCallBack.
[2023-09-03T10:07:43.007 info Netsdk:58964 18120:4404 dhnetsdk.cpp:8481]Enter CLIENT_SnapPictureEx. [lLoginID=-1067454032, par=00000269BF877280, reserved=0000000000000000.]
[2023-09-03T10:07:43.007 info Netsdk:58964 18120:4404 dhnetsdk.cpp:8501]Leave CLIENT_SnapPictureEx. ret:1.
[2023-09-03T10:07:46.007 info Netsdk:58964 18120:4404 dhnetsdk.cpp:1075]Enter CLIENT_Logout. lLoginID:-1067454032.
[2023-09-03T10:07:46.008 error Netsdk:58964 18120:4404 TPTCPClient.cpp:723]Device is not online, ip:192.168.18.168
[2023-09-03T10:07:46.009 info Netsdk:58964 18120:4404 dhnetsdk.cpp:1097]Leave CLIENT_Logout. ret:1
