Begin Time:2023-04-26T11:57:58.495
[2023-04-26T11:57:58.495 info Netsdk:58964 3184:3160 AVNetSDKMgr.cpp:504]Load avnetsdk library dynamically
[2023-04-26T11:57:58.500 info Netsdk:58964 3184:3160 AVNetSDKMgr.cpp:549]avnetsdk module handle: 000001F5CEC70000

[2023-04-26T11:57:58.500 info Netsdk:58964 3184:3160 AVNetSDKMgr.cpp:823]Load configsdk dynamically
[2023-04-26T11:57:58.501 info Netsdk:58964 3184:3160 dhnetsdk.cpp:302]Enter CLIENT_SetAutoReconnect:[cbAutoConnect=000001F5C7000050, dwUser=0000000000000000].
[2023-04-26T11:57:58.501 info Netsdk:58964 3184:3160 dhnetsdk.cpp:304]Leave CLIENT_SetAutoReconnect.
[2023-04-26T11:57:58.503 info Netsdk:58964 3184:3160 dhnetsdk.cpp:326]Enter CLIENT_SetConnectTime:[nWaitTime=5000, nTryTimes=1].
[2023-04-26T11:57:58.503 info Netsdk:58964 3184:3160 dhnetsdk.cpp:339]Leave CLIENT_SetConnectTime.
[2023-04-26T11:57:58.503 info Netsdk:58964 3184:3160 dhnetsdk.cpp:352]Enter CLIENT_SetNetworkParam:[nWaittime=0, nConnectTime=10000, nConnectTryNum=0, nSubConnectSpaceTime=0, nGetDevInfoTime=3000, nConnectBufSize=0, nGetConnInfoTime=3000, nSearchRecordTime=0, nsubDisconnetTime=0, byNetType=0, byPlaybackBufSize=0, bDetectDisconnTime=0, bKeepLifeInterval=0, nPicBufSize=0].
[2023-04-26T11:57:58.503 info Netsdk:58964 3184:3160 dhnetsdk.cpp:367]Leave CLIENT_SetNetworkParam.
[2023-04-26T11:57:58.505 info Netsdk:58964 3184:3160 dhnetsdk.cpp:991]Enter CLIENT_LoginWithHighLevelSecurity. pstInParam:000001F5C93F9D60, pstOutParam:000001F5CA512490.
[2023-04-26T11:57:58.505 info Netsdk:58964 3184:3160 dhnetsdk.cpp:1007]IP:192.168.1.108, port:37777, SpeCap:0, CapParam:0000000000000000, TLSCap:0
[2023-04-26T11:57:58.537 info Netsdk:58964 3184:3160 dhnetsdk.cpp:1054]Leave CLIENT_LoginWithHighLevelSecurity. error:0, login ID:-851381456.
[2023-04-26T11:57:58.539 info Netsdk:58964 3184:3160 dhnetsdk.cpp:8441]Enter CLIENT_SetSnapRevCallBack. [OnSnapRevMessage=000001F5C7000090, dwUser=0000000000000000.]
[2023-04-26T11:57:58.539 info Netsdk:58964 3184:3160 dhnetsdk.cpp:8444]Leave CLIENT_SetSnapRevCallBack.
[2023-04-26T11:57:58.541 info Netsdk:58964 3184:3160 dhnetsdk.cpp:8481]Enter CLIENT_SnapPictureEx. [lLoginID=-851381456, par=000001F5CA495D50, reserved=0000000000000000.]
[2023-04-26T11:57:58.541 info Netsdk:58964 3184:3160 dhnetsdk.cpp:8501]Leave CLIENT_SnapPictureEx. ret:1.
[2023-04-26T11:58:01.543 info Netsdk:58964 3184:3160 dhnetsdk.cpp:1075]Enter CLIENT_Logout. lLoginID:-851381456.
[2023-04-26T11:58:01.543 error Netsdk:58964 3184:3160 TPTCPClient.cpp:723]Device is not online, ip:192.168.1.108
[2023-04-26T11:58:01.544 info Netsdk:58964 3184:3160 dhnetsdk.cpp:1097]Leave CLIENT_Logout. ret:1
