Begin Time:2023-07-06T21:38:20.418
[2023-07-06T21:38:20.418 info Netsdk:58964 14496:1316 AVNetSDKMgr.cpp:504]Load avnetsdk library dynamically
[2023-07-06T21:38:20.421 info Netsdk:58964 14496:1316 AVNetSDKMgr.cpp:549]avnetsdk module handle: 0000021C8D560000

[2023-07-06T21:38:20.421 info Netsdk:58964 14496:1316 AVNetSDKMgr.cpp:823]Load configsdk dynamically
[2023-07-06T21:38:20.423 info Netsdk:58964 14496:1316 dhnetsdk.cpp:302]Enter CLIENT_SetAutoReconnect:[cbAutoConnect=0000021C8BBB0050, dwUser=0000000000000000].
[2023-07-06T21:38:20.423 info Netsdk:58964 14496:1316 dhnetsdk.cpp:304]Leave CLIENT_SetAutoReconnect.
[2023-07-06T21:38:20.424 info Netsdk:58964 14496:1316 dhnetsdk.cpp:326]Enter CLIENT_SetConnectTime:[nWaitTime=5000, nTryTimes=1].
[2023-07-06T21:38:20.424 info Netsdk:58964 14496:1316 dhnetsdk.cpp:339]Leave CLIENT_SetConnectTime.
[2023-07-06T21:38:20.424 info Netsdk:58964 14496:1316 dhnetsdk.cpp:352]Enter CLIENT_SetNetworkParam:[nWaittime=0, nConnectTime=10000, nConnectTryNum=0, nSubConnectSpaceTime=0, nGetDevInfoTime=3000, nConnectBufSize=0, nGetConnInfoTime=3000, nSearchRecordTime=0, nsubDisconnetTime=0, byNetType=0, byPlaybackBufSize=0, bDetectDisconnTime=0, bKeepLifeInterval=0, nPicBufSize=0].
[2023-07-06T21:38:20.424 info Netsdk:58964 14496:1316 dhnetsdk.cpp:367]Leave CLIENT_SetNetworkParam.
[2023-07-06T21:38:20.426 info Netsdk:58964 14496:1316 dhnetsdk.cpp:991]Enter CLIENT_LoginWithHighLevelSecurity. pstInParam:0000021C8A6EBCB0, pstOutParam:0000021C88B7CD90.
[2023-07-06T21:38:20.426 info Netsdk:58964 14496:1316 dhnetsdk.cpp:1007]IP:10.246.105.181, port:37777, SpeCap:0, CapParam:0000000000000000, TLSCap:0
[2023-07-06T21:38:20.450 info Netsdk:58964 14496:1316 dhnetsdk.cpp:1054]Leave CLIENT_LoginWithHighLevelSecurity. error:0, login ID:-1950814128.
[2023-07-06T21:38:20.451 info Netsdk:58964 14496:1316 dhnetsdk.cpp:8441]Enter CLIENT_SetSnapRevCallBack. [OnSnapRevMessage=0000021C8BBB0090, dwUser=0000000000000000.]
[2023-07-06T21:38:20.451 info Netsdk:58964 14496:1316 dhnetsdk.cpp:8444]Leave CLIENT_SetSnapRevCallBack.
[2023-07-06T21:38:20.451 info Netsdk:58964 14496:1316 dhnetsdk.cpp:8481]Enter CLIENT_SnapPictureEx. [lLoginID=-1950814128, par=0000021C87D999B0, reserved=0000000000000000.]
[2023-07-06T21:38:20.451 info Netsdk:58964 14496:1316 dhnetsdk.cpp:8501]Leave CLIENT_SnapPictureEx. ret:1.
[2023-07-06T21:38:23.453 info Netsdk:58964 14496:1316 dhnetsdk.cpp:1075]Enter CLIENT_Logout. lLoginID:-1950814128.
[2023-07-06T21:38:23.453 error Netsdk:58964 14496:1316 TPTCPClient.cpp:723]Device is not online, ip:10.246.105.181
[2023-07-06T21:38:23.453 info Netsdk:58964 14496:1316 dhnetsdk.cpp:1097]Leave CLIENT_Logout. ret:1
