Begin Time:2023-04-28T17:29:45.343
[2023-04-28T17:29:45.344 info Netsdk:58964 11564:6112 AVNetSDKMgr.cpp:504]Load avnetsdk library dynamically
[2023-04-28T17:29:45.348 info Netsdk:58964 11564:6112 AVNetSDKMgr.cpp:549]avnetsdk module handle: 000002287F3D0000

[2023-04-28T17:29:45.348 info Netsdk:58964 11564:6112 AVNetSDKMgr.cpp:823]Load configsdk dynamically
[2023-04-28T17:29:45.350 info Netsdk:58964 11564:6112 dhnetsdk.cpp:302]Enter CLIENT_SetAutoReconnect:[cbAutoConnect=000002287DAD0050, dwUser=0000000000000000].
[2023-04-28T17:29:45.350 info Netsdk:58964 11564:6112 dhnetsdk.cpp:304]Leave CLIENT_SetAutoReconnect.
[2023-04-28T17:29:45.352 info Netsdk:58964 11564:6112 dhnetsdk.cpp:326]Enter CLIENT_SetConnectTime:[nWaitTime=5000, nTryTimes=1].
[2023-04-28T17:29:45.352 info Netsdk:58964 11564:6112 dhnetsdk.cpp:339]Leave CLIENT_SetConnectTime.
[2023-04-28T17:29:45.352 info Netsdk:58964 11564:6112 dhnetsdk.cpp:352]Enter CLIENT_SetNetworkParam:[nWaittime=0, nConnectTime=10000, nConnectTryNum=0, nSubConnectSpaceTime=0, nGetDevInfoTime=3000, nConnectBufSize=0, nGetConnInfoTime=3000, nSearchRecordTime=0, nsubDisconnetTime=0, byNetType=0, byPlaybackBufSize=0, bDetectDisconnTime=0, bKeepLifeInterval=0, nPicBufSize=0].
[2023-04-28T17:29:45.352 info Netsdk:58964 11564:6112 dhnetsdk.cpp:367]Leave CLIENT_SetNetworkParam.
[2023-04-28T17:29:45.353 info Netsdk:58964 11564:6112 dhnetsdk.cpp:991]Enter CLIENT_LoginWithHighLevelSecurity. pstInParam:000002287CAA2D90, pstOutParam:000002287CB74A70.
[2023-04-28T17:29:45.354 info Netsdk:58964 11564:6112 dhnetsdk.cpp:1007]IP:192.168.1.108, port:37777, SpeCap:0, CapParam:0000000000000000, TLSCap:0
[2023-04-28T17:29:45.396 info Netsdk:58964 11564:6112 dhnetsdk.cpp:1054]Leave CLIENT_LoginWithHighLevelSecurity. error:0, login ID:2109862704.
[2023-04-28T17:29:45.398 info Netsdk:58964 11564:6112 dhnetsdk.cpp:8441]Enter CLIENT_SetSnapRevCallBack. [OnSnapRevMessage=000002287DAD0090, dwUser=0000000000000000.]
[2023-04-28T17:29:45.398 info Netsdk:58964 11564:6112 dhnetsdk.cpp:8444]Leave CLIENT_SetSnapRevCallBack.
[2023-04-28T17:29:45.400 info Netsdk:58964 11564:6112 dhnetsdk.cpp:8481]Enter CLIENT_SnapPictureEx. [lLoginID=2109862704, par=000002287A6B4790, reserved=0000000000000000.]
[2023-04-28T17:29:45.400 info Netsdk:58964 11564:6112 dhnetsdk.cpp:8501]Leave CLIENT_SnapPictureEx. ret:1.
[2023-04-28T17:29:48.401 info Netsdk:58964 11564:6112 dhnetsdk.cpp:1075]Enter CLIENT_Logout. lLoginID:2109862704.
[2023-04-28T17:29:48.402 error Netsdk:58964 11564:6112 TPTCPClient.cpp:723]Device is not online, ip:192.168.1.108
[2023-04-28T17:29:48.402 info Netsdk:58964 11564:6112 dhnetsdk.cpp:1097]Leave CLIENT_Logout. ret:1
