Begin Time:2023-04-29T10:13:24.047
[2023-04-29T10:13:24.047 info Netsdk:58964 9320:5548 AVNetSDKMgr.cpp:504]Load avnetsdk library dynamically
[2023-04-29T10:13:24.052 info Netsdk:58964 9320:5548 AVNetSDKMgr.cpp:549]avnetsdk module handle: 0000022198210000

[2023-04-29T10:13:24.052 info Netsdk:58964 9320:5548 AVNetSDKMgr.cpp:823]Load configsdk dynamically
[2023-04-29T10:13:24.054 info Netsdk:58964 9320:5548 dhnetsdk.cpp:302]Enter CLIENT_SetAutoReconnect:[cbAutoConnect=0000022192500050, dwUser=0000000000000000].
[2023-04-29T10:13:24.054 info Netsdk:58964 9320:5548 dhnetsdk.cpp:304]Leave CLIENT_SetAutoReconnect.
[2023-04-29T10:13:24.056 info Netsdk:58964 9320:5548 dhnetsdk.cpp:326]Enter CLIENT_SetConnectTime:[nWaitTime=5000, nTryTimes=1].
[2023-04-29T10:13:24.056 info Netsdk:58964 9320:5548 dhnetsdk.cpp:339]Leave CLIENT_SetConnectTime.
[2023-04-29T10:13:24.056 info Netsdk:58964 9320:5548 dhnetsdk.cpp:352]Enter CLIENT_SetNetworkParam:[nWaittime=0, nConnectTime=10000, nConnectTryNum=0, nSubConnectSpaceTime=0, nGetDevInfoTime=3000, nConnectBufSize=0, nGetConnInfoTime=3000, nSearchRecordTime=0, nsubDisconnetTime=0, byNetType=0, byPlaybackBufSize=0, bDetectDisconnTime=0, bKeepLifeInterval=0, nPicBufSize=0].
[2023-04-29T10:13:24.056 info Netsdk:58964 9320:5548 dhnetsdk.cpp:367]Leave CLIENT_SetNetworkParam.
[2023-04-29T10:13:24.056 info Netsdk:58964 9320:5548 dhnetsdk.cpp:991]Enter CLIENT_LoginWithHighLevelSecurity. pstInParam:0000022192A85F60, pstOutParam:000002219292F2D0.
[2023-04-29T10:13:24.056 info Netsdk:58964 9320:5548 dhnetsdk.cpp:1007]IP:192.168.1.108, port:37777, SpeCap:0, CapParam:0000000000000000, TLSCap:0
[2023-04-29T10:13:24.120 info Netsdk:58964 9320:5548 dhnetsdk.cpp:1054]Leave CLIENT_LoginWithHighLevelSecurity. error:0, login ID:-1771180672.
[2023-04-29T10:13:24.120 info Netsdk:58964 9320:5548 dhnetsdk.cpp:8441]Enter CLIENT_SetSnapRevCallBack. [OnSnapRevMessage=0000022192500090, dwUser=0000000000000000.]
[2023-04-29T10:13:24.120 info Netsdk:58964 9320:5548 dhnetsdk.cpp:8444]Leave CLIENT_SetSnapRevCallBack.
[2023-04-29T10:13:24.120 info Netsdk:58964 9320:5548 dhnetsdk.cpp:8481]Enter CLIENT_SnapPictureEx. [lLoginID=-1771180672, par=0000022193A18180, reserved=0000000000000000.]
[2023-04-29T10:13:24.120 info Netsdk:58964 9320:5548 dhnetsdk.cpp:8501]Leave CLIENT_SnapPictureEx. ret:1.
[2023-04-29T10:13:27.148 info Netsdk:58964 9320:5548 dhnetsdk.cpp:1075]Enter CLIENT_Logout. lLoginID:-1771180672.
[2023-04-29T10:13:27.148 error Netsdk:58964 9320:5548 TPTCPClient.cpp:723]Device is not online, ip:192.168.1.108
[2023-04-29T10:13:27.148 info Netsdk:58964 9320:5548 dhnetsdk.cpp:1097]Leave CLIENT_Logout. ret:1
