Begin Time:2023-07-06T21:37:38.468
[2023-07-06T21:37:38.468 info Netsdk:58964 1804:2620 AVNetSDKMgr.cpp:504]Load avnetsdk library dynamically
[2023-07-06T21:37:38.470 info Netsdk:58964 1804:2620 AVNetSDKMgr.cpp:549]avnetsdk module handle: 000001DF3E900000

[2023-07-06T21:37:38.471 info Netsdk:58964 1804:2620 AVNetSDKMgr.cpp:823]Load configsdk dynamically
[2023-07-06T21:37:38.473 info Netsdk:58964 1804:2620 dhnetsdk.cpp:302]Enter CLIENT_SetAutoReconnect:[cbAutoConnect=000001DF3D650050, dwUser=0000000000000000].
[2023-07-06T21:37:38.473 info Netsdk:58964 1804:2620 dhnetsdk.cpp:304]Leave CLIENT_SetAutoReconnect.
[2023-07-06T21:37:38.473 info Netsdk:58964 1804:2620 dhnetsdk.cpp:326]Enter CLIENT_SetConnectTime:[nWaitTime=5000, nTryTimes=1].
[2023-07-06T21:37:38.473 info Netsdk:58964 1804:2620 dhnetsdk.cpp:339]Leave CLIENT_SetConnectTime.
[2023-07-06T21:37:38.474 info Netsdk:58964 1804:2620 dhnetsdk.cpp:352]Enter CLIENT_SetNetworkParam:[nWaittime=0, nConnectTime=10000, nConnectTryNum=0, nSubConnectSpaceTime=0, nGetDevInfoTime=3000, nConnectBufSize=0, nGetConnInfoTime=3000, nSearchRecordTime=0, nsubDisconnetTime=0, byNetType=0, byPlaybackBufSize=0, bDetectDisconnTime=0, bKeepLifeInterval=0, nPicBufSize=0].
[2023-07-06T21:37:38.474 info Netsdk:58964 1804:2620 dhnetsdk.cpp:367]Leave CLIENT_SetNetworkParam.
[2023-07-06T21:37:38.477 info Netsdk:58964 1804:2620 dhnetsdk.cpp:991]Enter CLIENT_LoginWithHighLevelSecurity. pstInParam:000001DF3BECB420, pstOutParam:000001DF3BBB3CA0.
[2023-07-06T21:37:38.477 info Netsdk:58964 1804:2620 dhnetsdk.cpp:1007]IP:10.246.105.181, port:37777, SpeCap:0, CapParam:0000000000000000, TLSCap:0
[2023-07-06T21:37:38.515 info Netsdk:58964 1804:2620 dhnetsdk.cpp:1054]Leave CLIENT_LoginWithHighLevelSecurity. error:0, login ID:1022029904.
[2023-07-06T21:37:38.516 info Netsdk:58964 1804:2620 dhnetsdk.cpp:8441]Enter CLIENT_SetSnapRevCallBack. [OnSnapRevMessage=000001DF3D650090, dwUser=0000000000000000.]
[2023-07-06T21:37:38.516 info Netsdk:58964 1804:2620 dhnetsdk.cpp:8444]Leave CLIENT_SetSnapRevCallBack.
[2023-07-06T21:37:38.516 info Netsdk:58964 1804:2620 dhnetsdk.cpp:8481]Enter CLIENT_SnapPictureEx. [lLoginID=1022029904, par=000001DF3BF0A9B0, reserved=0000000000000000.]
[2023-07-06T21:37:38.517 info Netsdk:58964 1804:2620 dhnetsdk.cpp:8501]Leave CLIENT_SnapPictureEx. ret:1.
[2023-07-06T21:37:41.517 info Netsdk:58964 1804:2620 dhnetsdk.cpp:1075]Enter CLIENT_Logout. lLoginID:1022029904.
[2023-07-06T21:37:41.517 error Netsdk:58964 1804:2620 TPTCPClient.cpp:723]Device is not online, ip:10.246.105.181
[2023-07-06T21:37:41.517 info Netsdk:58964 1804:2620 dhnetsdk.cpp:1097]Leave CLIENT_Logout. ret:1
