Begin Time:2023-04-29T11:24:08.238
[2023-04-29T11:24:08.238 info Netsdk:58964 18504:1096 AVNetSDKMgr.cpp:504]Load avnetsdk library dynamically
[2023-04-29T11:24:08.242 info Netsdk:58964 18504:1096 AVNetSDKMgr.cpp:549]avnetsdk module handle: 00000201FA4C0000

[2023-04-29T11:24:08.243 info Netsdk:58964 18504:1096 AVNetSDKMgr.cpp:823]Load configsdk dynamically
[2023-04-29T11:24:08.245 info Netsdk:58964 18504:1096 dhnetsdk.cpp:302]Enter CLIENT_SetAutoReconnect:[cbAutoConnect=00000201F27C0050, dwUser=0000000000000000].
[2023-04-29T11:24:08.245 info Netsdk:58964 18504:1096 dhnetsdk.cpp:304]Leave CLIENT_SetAutoReconnect.
[2023-04-29T11:24:08.247 info Netsdk:58964 18504:1096 dhnetsdk.cpp:326]Enter CLIENT_SetConnectTime:[nWaitTime=5000, nTryTimes=1].
[2023-04-29T11:24:08.247 info Netsdk:58964 18504:1096 dhnetsdk.cpp:339]Leave CLIENT_SetConnectTime.
[2023-04-29T11:24:08.247 info Netsdk:58964 18504:1096 dhnetsdk.cpp:352]Enter CLIENT_SetNetworkParam:[nWaittime=0, nConnectTime=10000, nConnectTryNum=0, nSubConnectSpaceTime=0, nGetDevInfoTime=3000, nConnectBufSize=0, nGetConnInfoTime=3000, nSearchRecordTime=0, nsubDisconnetTime=0, byNetType=0, byPlaybackBufSize=0, bDetectDisconnTime=0, bKeepLifeInterval=0, nPicBufSize=0].
[2023-04-29T11:24:08.247 info Netsdk:58964 18504:1096 dhnetsdk.cpp:367]Leave CLIENT_SetNetworkParam.
[2023-04-29T11:24:08.249 info Netsdk:58964 18504:1096 dhnetsdk.cpp:991]Enter CLIENT_LoginWithHighLevelSecurity. pstInParam:00000201F7E59520, pstOutParam:00000201F5DF0050.
[2023-04-29T11:24:08.249 info Netsdk:58964 18504:1096 dhnetsdk.cpp:1007]IP:192.168.1.108, port:37777, SpeCap:0, CapParam:0000000000000000, TLSCap:0
[2023-04-29T11:24:08.283 info Netsdk:58964 18504:1096 dhnetsdk.cpp:1054]Leave CLIENT_LoginWithHighLevelSecurity. error:0, login ID:-120916464.
[2023-04-29T11:24:08.284 info Netsdk:58964 18504:1096 dhnetsdk.cpp:8441]Enter CLIENT_SetSnapRevCallBack. [OnSnapRevMessage=00000201F27C0090, dwUser=0000000000000000.]
[2023-04-29T11:24:08.285 info Netsdk:58964 18504:1096 dhnetsdk.cpp:8444]Leave CLIENT_SetSnapRevCallBack.
[2023-04-29T11:24:08.286 info Netsdk:58964 18504:1096 dhnetsdk.cpp:8481]Enter CLIENT_SnapPictureEx. [lLoginID=-120916464, par=00000201F52EC070, reserved=0000000000000000.]
[2023-04-29T11:24:08.286 info Netsdk:58964 18504:1096 dhnetsdk.cpp:8501]Leave CLIENT_SnapPictureEx. ret:1.
[2023-04-29T11:24:11.287 info Netsdk:58964 18504:1096 dhnetsdk.cpp:1075]Enter CLIENT_Logout. lLoginID:-120916464.
[2023-04-29T11:24:11.287 error Netsdk:58964 18504:1096 TPTCPClient.cpp:723]Device is not online, ip:192.168.1.108
[2023-04-29T11:24:11.288 info Netsdk:58964 18504:1096 dhnetsdk.cpp:1097]Leave CLIENT_Logout. ret:1
