Begin Time:2023-07-06T21:30:32.869
[2023-07-06T21:30:32.869 info Netsdk:58964 5668:10388 AVNetSDKMgr.cpp:504]Load avnetsdk library dynamically
[2023-07-06T21:30:32.870 info Netsdk:58964 5668:10388 AVNetSDKMgr.cpp:549]avnetsdk module handle: 0000020356700000

[2023-07-06T21:30:32.870 info Netsdk:58964 5668:10388 AVNetSDKMgr.cpp:823]Load configsdk dynamically
[2023-07-06T21:30:32.872 info Netsdk:58964 5668:10388 dhnetsdk.cpp:302]Enter CLIENT_SetAutoReconnect:[cbAutoConnect=000002032BEE0050, dwUser=0000000000000000].
[2023-07-06T21:30:32.872 info Netsdk:58964 5668:10388 dhnetsdk.cpp:304]Leave CLIENT_SetAutoReconnect.
[2023-07-06T21:30:32.872 info Netsdk:58964 5668:10388 dhnetsdk.cpp:326]Enter CLIENT_SetConnectTime:[nWaitTime=5000, nTryTimes=1].
[2023-07-06T21:30:32.873 info Netsdk:58964 5668:10388 dhnetsdk.cpp:339]Leave CLIENT_SetConnectTime.
[2023-07-06T21:30:32.873 info Netsdk:58964 5668:10388 dhnetsdk.cpp:352]Enter CLIENT_SetNetworkParam:[nWaittime=0, nConnectTime=10000, nConnectTryNum=0, nSubConnectSpaceTime=0, nGetDevInfoTime=3000, nConnectBufSize=0, nGetConnInfoTime=3000, nSearchRecordTime=0, nsubDisconnetTime=0, byNetType=0, byPlaybackBufSize=0, bDetectDisconnTime=0, bKeepLifeInterval=0, nPicBufSize=0].
[2023-07-06T21:30:32.873 info Netsdk:58964 5668:10388 dhnetsdk.cpp:367]Leave CLIENT_SetNetworkParam.
[2023-07-06T21:30:32.874 info Netsdk:58964 5668:10388 dhnetsdk.cpp:991]Enter CLIENT_LoginWithHighLevelSecurity. pstInParam:0000020353C8C330, pstOutParam:0000020353886F60.
[2023-07-06T21:30:32.875 info Netsdk:58964 5668:10388 dhnetsdk.cpp:1007]IP:192.168.1.108, port:37777, SpeCap:0, CapParam:0000000000000000, TLSCap:0
[2023-07-06T21:30:42.875 error Netsdk:58964 5668:10388 TPTCPClient.cpp:522]Connect host failed, ip:192.168.1.108
[2023-07-06T21:30:42.875 error Netsdk:58964 5668:10388 dhdevprob.cpp:3242]Login failed, Failed to create main connection
[2023-07-06T21:30:42.875 error Netsdk:58964 5668:10388 Manager.cpp:11144]device is NULL
[2023-07-06T21:30:42.875 error Netsdk:58964 5668:10388 Manager.cpp:11245]Login device failed, errorcode:9!
[2023-07-06T21:30:42.875 error Netsdk:58964 5668:10388 dhnetsdk.cpp:1050]Login failed, ip:192.168.1.108, port:37777, specCap:0!
[2023-07-06T21:30:42.875 info Netsdk:58964 5668:10388 dhnetsdk.cpp:1054]Leave CLIENT_LoginWithHighLevelSecurity. error:9, login ID:0.
[2023-07-06T21:30:42.876 info Netsdk:58964 5668:10388 dhnetsdk.cpp:7929]Enter CLIENT_GetLastError.
[2023-07-06T21:30:42.876 info Netsdk:58964 5668:10388 dhnetsdk.cpp:7932]Leave CLIENT_GetLastError.[Error code=8000006b.]
[2023-07-06T21:30:42.877 info Netsdk:58964 5668:10388 dhnetsdk.cpp:7929]Enter CLIENT_GetLastError.
[2023-07-06T21:30:42.877 info Netsdk:58964 5668:10388 dhnetsdk.cpp:7932]Leave CLIENT_GetLastError.[Error code=8000006b.]
[2023-07-06T21:30:42.955 info Netsdk:58964 5668:10388 dhnetsdk.cpp:8441]Enter CLIENT_SetSnapRevCallBack. [OnSnapRevMessage=000002032BEE0090, dwUser=0000000000000000.]
[2023-07-06T21:30:42.955 info Netsdk:58964 5668:10388 dhnetsdk.cpp:8444]Leave CLIENT_SetSnapRevCallBack.
[2023-07-06T21:30:42.956 info Netsdk:58964 5668:10388 dhnetsdk.cpp:8481]Enter CLIENT_SnapPictureEx. [lLoginID=0, par=0000020350413EB0, reserved=0000000000000000.]
[2023-07-06T21:30:42.956 error Netsdk:58964 5668:10388 dhnetsdk.cpp:8493]Invalid login handle:0000000000000000
[2023-07-06T21:30:42.956 info Netsdk:58964 5668:10388 dhnetsdk.cpp:7929]Enter CLIENT_GetLastError.
[2023-07-06T21:30:42.956 info Netsdk:58964 5668:10388 dhnetsdk.cpp:7932]Leave CLIENT_GetLastError.[Error code=80000004.]
