Begin Time:2023-04-28T17:24:33.838
[2023-04-28T17:24:33.838 info Netsdk:58964 17516:9676 AVNetSDKMgr.cpp:504]Load avnetsdk library dynamically
[2023-04-28T17:24:33.843 info Netsdk:58964 17516:9676 AVNetSDKMgr.cpp:549]avnetsdk module handle: 000001797BA80000

[2023-04-28T17:24:33.843 info Netsdk:58964 17516:9676 AVNetSDKMgr.cpp:823]Load configsdk dynamically
[2023-04-28T17:24:33.845 info Netsdk:58964 17516:9676 dhnetsdk.cpp:302]Enter CLIENT_SetAutoReconnect:[cbAutoConnect=0000017976000050, dwUser=0000000000000000].
[2023-04-28T17:24:33.845 info Netsdk:58964 17516:9676 dhnetsdk.cpp:304]Leave CLIENT_SetAutoReconnect.
[2023-04-28T17:24:33.845 info Netsdk:58964 17516:9676 dhnetsdk.cpp:326]Enter CLIENT_SetConnectTime:[nWaitTime=5000, nTryTimes=1].
[2023-04-28T17:24:33.845 info Netsdk:58964 17516:9676 dhnetsdk.cpp:339]Leave CLIENT_SetConnectTime.
[2023-04-28T17:24:33.846 info Netsdk:58964 17516:9676 dhnetsdk.cpp:352]Enter CLIENT_SetNetworkParam:[nWaittime=0, nConnectTime=10000, nConnectTryNum=0, nSubConnectSpaceTime=0, nGetDevInfoTime=3000, nConnectBufSize=0, nGetConnInfoTime=3000, nSearchRecordTime=0, nsubDisconnetTime=0, byNetType=0, byPlaybackBufSize=0, bDetectDisconnTime=0, bKeepLifeInterval=0, nPicBufSize=0].
[2023-04-28T17:24:33.846 info Netsdk:58964 17516:9676 dhnetsdk.cpp:367]Leave CLIENT_SetNetworkParam.
[2023-04-28T17:24:33.847 info Netsdk:58964 17516:9676 dhnetsdk.cpp:991]Enter CLIENT_LoginWithHighLevelSecurity. pstInParam:000001797626EF80, pstOutParam:0000017976ABF9A0.
[2023-04-28T17:24:33.847 info Netsdk:58964 17516:9676 dhnetsdk.cpp:1007]IP:192.168.1.108, port:37777, SpeCap:0, CapParam:0000000000000000, TLSCap:0
[2023-04-28T17:24:33.874 info Netsdk:58964 17516:9676 dhnetsdk.cpp:1054]Leave CLIENT_LoginWithHighLevelSecurity. error:0, login ID:2048783888.
[2023-04-28T17:24:33.875 info Netsdk:58964 17516:9676 dhnetsdk.cpp:8441]Enter CLIENT_SetSnapRevCallBack. [OnSnapRevMessage=0000017976000090, dwUser=0000000000000000.]
[2023-04-28T17:24:33.875 info Netsdk:58964 17516:9676 dhnetsdk.cpp:8444]Leave CLIENT_SetSnapRevCallBack.
[2023-04-28T17:24:33.877 info Netsdk:58964 17516:9676 dhnetsdk.cpp:8481]Enter CLIENT_SnapPictureEx. [lLoginID=2048783888, par=00000179771B1760, reserved=0000000000000000.]
[2023-04-28T17:24:33.877 info Netsdk:58964 17516:9676 dhnetsdk.cpp:8501]Leave CLIENT_SnapPictureEx. ret:1.
[2023-04-28T17:24:36.878 info Netsdk:58964 17516:9676 dhnetsdk.cpp:1075]Enter CLIENT_Logout. lLoginID:2048783888.
[2023-04-28T17:24:36.879 error Netsdk:58964 17516:9676 TPTCPClient.cpp:723]Device is not online, ip:192.168.1.108
[2023-04-28T17:24:36.879 info Netsdk:58964 17516:9676 dhnetsdk.cpp:1097]Leave CLIENT_Logout. ret:1
