Begin Time:2023-09-03T10:04:09.439
[2023-09-03T10:04:09.439 info Netsdk:58964 11576:10296 AVNetSDKMgr.cpp:504]Load avnetsdk library dynamically
[2023-09-03T10:04:09.443 info Netsdk:58964 11576:10296 AVNetSDKMgr.cpp:549]avnetsdk module handle: 000001D0562A0000

[2023-09-03T10:04:09.443 info Netsdk:58964 11576:10296 AVNetSDKMgr.cpp:823]Load configsdk dynamically
[2023-09-03T10:04:09.447 info Netsdk:58964 11576:10296 dhnetsdk.cpp:302]Enter CLIENT_SetAutoReconnect:[cbAutoConnect=000001D054310050, dwUser=0000000000000000].
[2023-09-03T10:04:09.447 info Netsdk:58964 11576:10296 dhnetsdk.cpp:304]Leave CLIENT_SetAutoReconnect.
[2023-09-03T10:04:09.447 info Netsdk:58964 11576:10296 dhnetsdk.cpp:326]Enter CLIENT_SetConnectTime:[nWaitTime=5000, nTryTimes=1].
[2023-09-03T10:04:09.448 info Netsdk:58964 11576:10296 dhnetsdk.cpp:339]Leave CLIENT_SetConnectTime.
[2023-09-03T10:04:09.449 info Netsdk:58964 11576:10296 dhnetsdk.cpp:352]Enter CLIENT_SetNetworkParam:[nWaittime=0, nConnectTime=10000, nConnectTryNum=0, nSubConnectSpaceTime=0, nGetDevInfoTime=3000, nConnectBufSize=0, nGetConnInfoTime=3000, nSearchRecordTime=0, nsubDisconnetTime=0, byNetType=0, byPlaybackBufSize=0, bDetectDisconnTime=0, bKeepLifeInterval=0, nPicBufSize=0].
[2023-09-03T10:04:09.449 info Netsdk:58964 11576:10296 dhnetsdk.cpp:367]Leave CLIENT_SetNetworkParam.
[2023-09-03T10:04:09.452 info Netsdk:58964 11576:10296 dhnetsdk.cpp:991]Enter CLIENT_LoginWithHighLevelSecurity. pstInParam:000001D053434070, pstOutParam:000001D050388920.
[2023-09-03T10:04:09.452 info Netsdk:58964 11576:10296 dhnetsdk.cpp:1007]IP:192.168.18.168, port:37777, SpeCap:0, CapParam:0000000000000000, TLSCap:0
[2023-09-03T10:04:09.516 info Netsdk:58964 11576:10296 dhnetsdk.cpp:1054]Leave CLIENT_LoginWithHighLevelSecurity. error:0, login ID:1413935232.
[2023-09-03T10:04:09.518 info Netsdk:58964 11576:10296 dhnetsdk.cpp:8441]Enter CLIENT_SetSnapRevCallBack. [OnSnapRevMessage=000001D054310090, dwUser=0000000000000000.]
[2023-09-03T10:04:09.518 info Netsdk:58964 11576:10296 dhnetsdk.cpp:8444]Leave CLIENT_SetSnapRevCallBack.
[2023-09-03T10:04:09.519 info Netsdk:58964 11576:10296 dhnetsdk.cpp:8481]Enter CLIENT_SnapPictureEx. [lLoginID=1413935232, par=000001D050F8DD00, reserved=0000000000000000.]
[2023-09-03T10:04:09.520 info Netsdk:58964 11576:10296 dhnetsdk.cpp:8501]Leave CLIENT_SnapPictureEx. ret:1.
[2023-09-03T10:04:12.521 info Netsdk:58964 11576:10296 dhnetsdk.cpp:1075]Enter CLIENT_Logout. lLoginID:1413935232.
[2023-09-03T10:04:12.526 error Netsdk:58964 11576:10296 TPTCPClient.cpp:723]Device is not online, ip:192.168.18.168
[2023-09-03T10:04:12.527 info Netsdk:58964 11576:10296 dhnetsdk.cpp:1097]Leave CLIENT_Logout. ret:1
